[2025-11-01 19:31:41] [INFO] Turtle Trading System initialized
[2025-11-01 19:31:57] [INFO] Turtle Trading System initialized
[2025-11-01 19:32:16] [INFO] Turtle Trading System initialized
[2025-11-01 19:32:32] [INFO] Turtle Trading System initialized
[2025-11-01 23:10:50] [INFO] Turtle Trading System initialized
[2025-11-01 23:10:50] [INFO] ============================================================
[2025-11-01 23:10:50] [INFO] MARKET OPEN SETUP
[2025-11-01 23:10:50] [INFO] ============================================================
[2025-11-01 23:10:50] [INFO] State snapshot saved: market_open
[2025-11-01 23:11:24] [INFO] Turtle Trading System initialized
[2025-11-01 23:11:33] [INFO] Turtle Trading System initialized
[2025-11-01 23:11:33] [INFO] ============================================================
[2025-11-01 23:11:33] [INFO] MARKET OPEN SETUP
[2025-11-01 23:11:33] [INFO] ============================================================
[2025-11-01 23:11:33] [INFO] State snapshot saved: market_open
[2025-11-01 23:11:33] [INFO] ============================================================
[2025-11-01 23:11:33] [INFO] INTRADAY MONITOR - 2025-11-01 23:11:33
[2025-11-01 23:11:33] [INFO] ============================================================
[2025-11-01 23:11:34] [INFO] State snapshot saved: intraday_2311
[2025-11-01 23:11:34] [INFO] 1. Checking position stops...
[2025-11-01 23:11:34] [ERROR] Critical error in intraday monitor: Cannot compare tz-naive and tz-aware datetime-like objects
[2025-11-01 23:11:34] [ERROR] Traceback (most recent call last):
  File "/Users/mingyukim/Desktop/turtle_trading_alpaca/system/turtle_trading.py", line 512, in intraday_monitor
    self.check_position_stops()
    ~~~~~~~~~~~~~~~~~~~~~~~~~^^
  File "/Users/mingyukim/Desktop/turtle_trading_alpaca/system/turtle_trading.py", line 307, in check_position_stops
    current_price = self.data_provider.get_current_price(ticker)
  File "/Users/mingyukim/Desktop/turtle_trading_alpaca/backtesting/new_backtesting.py", line 75, in get_current_price
    price_series = data.loc[:self.current_date]['close']
                   ~~~~~~~~^^^^^^^^^^^^^^^^^^^^
  File "/Users/mingyukim/.pyenv/versions/trading_venv/lib/python3.13/site-packages/pandas/core/indexing.py", line 1191, in __getitem__
    return self._getitem_axis(maybe_callable, axis=axis)
           ~~~~~~~~~~~~~~~~~~^^^^^^^^^^^^^^^^^^^^^^^^^^^
  File "/Users/mingyukim/.pyenv/versions/trading_venv/lib/python3.13/site-packages/pandas/core/indexing.py", line 1411, in _getitem_axis
    return self._get_slice_axis(key, axis=axis)
           ~~~~~~~~~~~~~~~~~~~~^^^^^^^^^^^^^^^^
  File "/Users/mingyukim/.pyenv/versions/trading_venv/lib/python3.13/site-packages/pandas/core/indexing.py", line 1443, in _get_slice_axis
    indexer = labels.slice_indexer(slice_obj.start, slice_obj.stop, slice_obj.step)
  File "/Users/mingyukim/.pyenv/versions/trading_venv/lib/python3.13/site-packages/pandas/core/indexes/datetimes.py", line 682, in slice_indexer
    return Index.slice_indexer(self, start, end, step)
           ~~~~~~~~~~~~~~~~~~~^^^^^^^^^^^^^^^^^^^^^^^^
  File "/Users/mingyukim/.pyenv/versions/trading_venv/lib/python3.13/site-packages/pandas/core/indexes/base.py", line 6708, in slice_indexer
    start_slice, end_slice = self.slice_locs(start, end, step=step)
                             ~~~~~~~~~~~~~~~^^^^^^^^^^^^^^^^^^^^^^^
  File "/Users/mingyukim/.pyenv/versions/trading_venv/lib/python3.13/site-packages/pandas/core/indexes/base.py", line 6940, in slice_locs
    end_slice = self.get_slice_bound(end, "right")
  File "/Users/mingyukim/.pyenv/versions/trading_venv/lib/python3.13/site-packages/pandas/core/indexes/base.py", line 6849, in get_slice_bound
    label = self._maybe_cast_slice_bound(label, side)
  File "/Users/mingyukim/.pyenv/versions/trading_venv/lib/python3.13/site-packages/pandas/core/indexes/datetimes.py", line 643, in _maybe_cast_slice_bound
    self._data._assert_tzawareness_compat(label)
    ~~~~~~~~~~~~~~~~~~~~~~~~~~~~~~~~~~~~~^^^^^^^
  File "/Users/mingyukim/.pyenv/versions/trading_venv/lib/python3.13/site-packages/pandas/core/arrays/datetimes.py", line 788, in _assert_tzawareness_compat
    raise TypeError(
        "Cannot compare tz-naive and tz-aware datetime-like objects"
    )
TypeError: Cannot compare tz-naive and tz-aware datetime-like objects

[2025-11-01 23:11:34] [INFO] ============================================================
[2025-11-01 23:11:34] [INFO] POST-MARKET ROUTINE
[2025-11-01 23:11:34] [INFO] ============================================================
[2025-11-01 23:11:34] [INFO] State snapshot saved: market_close
[2025-11-01 23:11:34] [INFO] ============================================================
[2025-11-01 23:11:34] [INFO] RUNNING END-OF-DAY ANALYSIS
[2025-11-01 23:11:34] [INFO] ============================================================
[2025-11-01 23:11:34] [INFO] State snapshot saved: EOD_start
