[2025-10-31 08:04:02] [INFO] Turtle Trading System initialized
[2025-10-31 08:04:02] [INFO] ============================================================
[2025-10-31 08:04:02] [INFO] RUNNING END-OF-DAY ANALYSIS
[2025-10-31 08:04:02] [INFO] ============================================================
[2025-10-31 08:04:02] [INFO] State snapshot saved: EOD_start
[2025-10-31 08:04:03] [INFO] State snapshot saved: EOD_complete
[2025-10-31 08:04:03] [INFO] Found 5 potential entry signals
[2025-10-31 08:09:56] [INFO] Turtle Trading System initialized
[2025-10-31 08:10:11] [INFO] ============================================================
[2025-10-31 08:10:11] [INFO] 🚨 EMERGENCY EXIT: CLOSING ALL POSITIONS AT MARKET
[2025-10-31 08:10:11] [INFO] ============================================================
[2025-10-31 08:10:11] [INFO] State snapshot saved: before_exit_all
[2025-10-31 08:10:11] [INFO] Cancelling all open orders...
[2025-10-31 08:10:12] [INFO] All open orders cancelled
[2025-10-31 08:10:13] [INFO] Exiting 6 positions at market price
[2025-10-31 08:10:13] [INFO] 
Processing GOOGL: 156 units
[2025-10-31 08:10:13] [INFO] Placing MARKET sell order for GOOGL: 156 units
[2025-10-31 08:10:13] [INFO] Market order placed: 41121747-eb5c-439e-8684-be930e0856f4
[2025-10-31 08:10:15] [WARNING] Order status: OrderStatus.PARTIALLY_FILLED
[2025-10-31 08:10:15] [ERROR] ❌ Market order for GOOGL not filled, status: OrderStatus.PARTIALLY_FILLED
[2025-10-31 08:10:15] [INFO] 
Processing AMZN: 401 units
[2025-10-31 08:10:15] [INFO] Placing MARKET sell order for AMZN: 401 units
[2025-10-31 08:10:15] [INFO] Market order placed: 8bd23f98-989a-4a1e-bc46-17628683f7ba
[2025-10-31 08:10:17] [INFO] ✅ AMZN exited at $246.03, P&L: $7,340.83 (8.04%)
[2025-10-31 08:10:17] [INFO] 
Processing AAPL: 223 units
[2025-10-31 08:10:17] [INFO] Placing MARKET sell order for AAPL: 223 units
[2025-10-31 08:10:17] [INFO] Market order placed: 52d3ce22-f19a-486f-a457-6e0c9178cee8
[2025-10-31 08:10:19] [INFO] ✅ AAPL exited at $270.95, P&L: $934.29 (1.57%)
[2025-10-31 08:10:19] [INFO] 
Processing META: 6 units
[2025-10-31 08:10:19] [INFO] Placing MARKET sell order for META: 6 units
[2025-10-31 08:10:20] [INFO] Market order placed: f8ae0e5c-7552-472b-9aa3-216e5e5e2d10
[2025-10-31 08:10:22] [INFO] ✅ META exited at $656.29, P&L: $-567.78 (-12.60%)
[2025-10-31 08:10:22] [INFO] 
Processing XOM: 16 units
[2025-10-31 08:10:22] [INFO] Placing MARKET sell order for XOM: 16 units
[2025-10-31 08:10:22] [INFO] Market order placed: 6dd9ce01-078e-48a4-9836-edf162b3b24d
[2025-10-31 08:10:24] [INFO] ✅ XOM exited at $113.75, P&L: $-35.23 (-1.90%)
[2025-10-31 08:10:24] [INFO] 
Processing NVDA: 13 units
[2025-10-31 08:10:24] [INFO] Placing MARKET sell order for NVDA: 13 units
[2025-10-31 08:10:24] [INFO] Market order placed: 246a25cf-3792-4303-bcf1-20218cd05628
[2025-10-31 08:10:26] [INFO] ✅ NVDA exited at $205.83, P&L: $48.14 (1.83%)
[2025-10-31 08:10:26] [INFO] State snapshot saved: after_exit_all
[2025-10-31 08:10:26] [INFO] 
============================================================
[2025-10-31 08:10:26] [INFO] EXIT ALL COMPLETE
[2025-10-31 08:10:26] [INFO] ============================================================
[2025-10-31 08:10:26] [INFO] Successful: 5/6
[2025-10-31 08:10:26] [INFO] Total P&L: $7,720.25
[2025-10-31 08:10:26] [INFO] New Risk Pot: $15,463.89
[2025-10-31 08:11:16] [INFO] Turtle Trading System initialized
[2025-10-31 08:11:16] [INFO] ============================================================
[2025-10-31 08:11:16] [INFO] RUNNING END-OF-DAY ANALYSIS
[2025-10-31 08:11:16] [INFO] ============================================================
[2025-10-31 08:11:16] [INFO] State snapshot saved: EOD_start
[2025-10-31 08:11:18] [INFO] State snapshot saved: EOD_complete
[2025-10-31 08:11:18] [INFO] Found 9 potential entry signals
[2025-10-31 08:11:53] [INFO] Turtle Trading System initialized
[2025-10-31 08:16:53] [INFO] ============================================================
[2025-10-31 08:16:53] [INFO] INTRADAY MONITOR - 2025-10-31 08:16:53
[2025-10-31 08:16:53] [INFO] ============================================================
[2025-10-31 08:16:53] [INFO] 0. Checking pending orders...
[2025-10-31 08:16:53] [INFO] Removed stale pending pyramid order for GOOGL
[2025-10-31 08:16:54] [INFO] Removed stale pending pyramid order for AAPL
[2025-10-31 08:16:54] [INFO] State snapshot saved: intraday_0816
[2025-10-31 08:16:54] [INFO] 1. Checking position stops...
[2025-10-31 08:16:54] [INFO] 2. Checking exit signals...
[2025-10-31 08:16:54] [INFO] 3. Checking pyramid opportunities...
[2025-10-31 08:16:54] [INFO] Pyramid opportunity for GOOGL: $284.90 > $266.95
[2025-10-31 08:16:54] [INFO] Placing pyramid order for GOOGL: units=21, stop=$266.95, limit=$268.28
[2025-10-31 08:16:55] [INFO] Order placed: dfab3f8e-a3a1-4214-b2c1-33f2ff5d3a3b for GOOGL
[2025-10-31 08:16:58] [WARNING] Order pending for GOOGL, status: OrderStatus.NEW
[2025-10-31 08:16:58] [INFO] Tracking pending pyramid order dfab3f8e-a3a1-4214-b2c1-33f2ff5d3a3b for GOOGL
[2025-10-31 08:16:58] [INFO] 4. Processing entry queue...
[2025-10-31 08:16:58] [INFO] Placing entry order for AMZN: units=23, stop=$248.00, limit=$249.24
[2025-10-31 08:16:59] [INFO] Order placed: 6cde857c-5ed5-4d73-b54a-714550be317a for AMZN
[2025-10-31 08:17:02] [WARNING] Order pending for AMZN, status: OrderStatus.NEW
[2025-10-31 08:17:02] [INFO] Placing entry order for AAPL: units=29, stop=$274.55, limit=$275.92
[2025-10-31 08:17:02] [INFO] Order placed: 8dea3b90-70b9-48bb-97a7-4c79adededca for AAPL
[2025-10-31 08:17:05] [WARNING] Order pending for AAPL, status: OrderStatus.NEW
[2025-10-31 08:17:06] [INFO] Status: 1 positions, 9 pending entries
[2025-10-31 08:17:06] [INFO] Risk Pot: $15,463.89
[2025-10-31 08:22:06] [INFO] ============================================================
[2025-10-31 08:22:06] [INFO] INTRADAY MONITOR - 2025-10-31 08:22:06
[2025-10-31 08:22:06] [INFO] ============================================================
[2025-10-31 08:22:06] [INFO] 0. Checking pending orders...
[2025-10-31 08:22:06] [INFO] Found 3 open orders
[2025-10-31 08:22:06] [INFO]   AAPL: OrderSide.BUY 29 @ 274.55, status: OrderStatus.NEW
[2025-10-31 08:22:06] [INFO]   AMZN: OrderSide.BUY 23 @ 248, status: OrderStatus.NEW
[2025-10-31 08:22:06] [INFO]   GOOGL: OrderSide.BUY 21 @ 266.95, status: OrderStatus.NEW
[2025-10-31 08:22:06] [INFO] State snapshot saved: intraday_0822
[2025-10-31 08:22:06] [INFO] 1. Checking position stops...
[2025-10-31 08:22:07] [INFO] 2. Checking exit signals...
[2025-10-31 08:22:07] [INFO] 3. Checking pyramid opportunities...
[2025-10-31 08:22:07] [INFO] Pyramid order already pending for GOOGL (order dfab3f8e-a3a1-4214-b2c1-33f2ff5d3a3b)
[2025-10-31 08:22:07] [INFO] 4. Processing entry queue...
[2025-10-31 08:22:07] [INFO] Placing entry order for AMZN: units=23, stop=$248.00, limit=$249.24
[2025-10-31 08:22:08] [INFO] Order placed: bb8fb2eb-aa0e-4b44-95e6-6cdc9d019fec for AMZN
[2025-10-31 08:22:11] [WARNING] Order pending for AMZN, status: OrderStatus.NEW
[2025-10-31 08:22:11] [INFO] Placing entry order for AAPL: units=29, stop=$274.55, limit=$275.92
[2025-10-31 08:22:11] [INFO] Order placed: b014ed87-ecf7-454c-a232-a3feaea104e6 for AAPL
[2025-10-31 08:22:15] [WARNING] Order pending for AAPL, status: OrderStatus.NEW
[2025-10-31 08:22:15] [INFO] Status: 1 positions, 9 pending entries
[2025-10-31 08:22:15] [INFO] Risk Pot: $15,463.89
[2025-10-31 08:27:15] [INFO] ============================================================
[2025-10-31 08:27:15] [INFO] INTRADAY MONITOR - 2025-10-31 08:27:15
[2025-10-31 08:27:15] [INFO] ============================================================
[2025-10-31 08:27:15] [INFO] 0. Checking pending orders...
[2025-10-31 08:27:15] [INFO] Found 5 open orders
[2025-10-31 08:27:15] [INFO]   AAPL: OrderSide.BUY 29 @ 274.55, status: OrderStatus.NEW
[2025-10-31 08:27:15] [INFO]   AMZN: OrderSide.BUY 23 @ 248, status: OrderStatus.NEW
[2025-10-31 08:27:15] [INFO]   AAPL: OrderSide.BUY 29 @ 274.55, status: OrderStatus.NEW
[2025-10-31 08:27:15] [INFO]   AMZN: OrderSide.BUY 23 @ 248, status: OrderStatus.NEW
[2025-10-31 08:27:15] [INFO]   GOOGL: OrderSide.BUY 21 @ 266.95, status: OrderStatus.NEW
[2025-10-31 08:27:16] [INFO] State snapshot saved: intraday_0827
[2025-10-31 08:27:16] [INFO] 1. Checking position stops...
[2025-10-31 08:27:16] [INFO] 2. Checking exit signals...
[2025-10-31 08:27:16] [INFO] 3. Checking pyramid opportunities...
[2025-10-31 08:27:16] [INFO] Pyramid order already pending for GOOGL (order dfab3f8e-a3a1-4214-b2c1-33f2ff5d3a3b)
[2025-10-31 08:27:16] [INFO] 4. Processing entry queue...
[2025-10-31 08:27:16] [INFO] Placing entry order for AMZN: units=23, stop=$248.00, limit=$249.24
[2025-10-31 08:27:17] [INFO] Order placed: 56f13ebc-d3b6-45cb-b894-79aa7b3a7812 for AMZN
[2025-10-31 08:27:20] [WARNING] Order pending for AMZN, status: OrderStatus.NEW
[2025-10-31 08:27:20] [INFO] Placing entry order for AAPL: units=29, stop=$274.55, limit=$275.92
[2025-10-31 08:27:20] [INFO] Order placed: 9215d132-9157-42cc-aaf9-821e9062d3b2 for AAPL
[2025-10-31 08:27:24] [WARNING] Order pending for AAPL, status: OrderStatus.NEW
[2025-10-31 08:27:24] [INFO] Status: 1 positions, 9 pending entries
[2025-10-31 08:27:24] [INFO] Risk Pot: $15,463.89
[2025-10-31 08:32:24] [INFO] ============================================================
[2025-10-31 08:32:24] [INFO] INTRADAY MONITOR - 2025-10-31 08:32:24
[2025-10-31 08:32:24] [INFO] ============================================================
[2025-10-31 08:32:24] [INFO] 0. Checking pending orders...
[2025-10-31 08:32:25] [INFO] Found 4 open orders
[2025-10-31 08:32:25] [INFO]   AAPL: OrderSide.BUY 29 @ 274.55, status: OrderStatus.NEW
[2025-10-31 08:32:25] [INFO]   AAPL: OrderSide.BUY 29 @ 274.55, status: OrderStatus.NEW
[2025-10-31 08:32:25] [INFO]   AAPL: OrderSide.BUY 29 @ 274.55, status: OrderStatus.NEW
[2025-10-31 08:32:25] [INFO]   GOOGL: OrderSide.BUY 21 @ 266.95, status: OrderStatus.NEW
[2025-10-31 08:32:25] [INFO] State snapshot saved: intraday_0832
[2025-10-31 08:32:25] [INFO] 1. Checking position stops...
[2025-10-31 08:32:25] [INFO] 2. Checking exit signals...
[2025-10-31 08:32:25] [INFO] 3. Checking pyramid opportunities...
[2025-10-31 08:32:25] [INFO] Pyramid order already pending for GOOGL (order dfab3f8e-a3a1-4214-b2c1-33f2ff5d3a3b)
[2025-10-31 08:32:25] [INFO] 4. Processing entry queue...
[2025-10-31 08:32:26] [INFO] Placing entry order for AMZN: units=23, stop=$248.00, limit=$249.24
[2025-10-31 08:32:26] [INFO] Order placed: b2ce8801-359c-4efb-b77d-3a68aec5131a for AMZN
[2025-10-31 08:32:29] [INFO] Order filled: AMZN at $248.66, risk pot decreased by $304.58
[2025-10-31 08:32:30] [INFO] Placing entry order for AAPL: units=28, stop=$274.55, limit=$275.92
[2025-10-31 08:32:30] [INFO] Order placed: 17fb94ee-d048-483e-8793-8b3fe9fe2769 for AAPL
[2025-10-31 08:32:33] [WARNING] Order pending for AAPL, status: OrderStatus.NEW
[2025-10-31 08:32:34] [INFO] Status: 2 positions, 8 pending entries
[2025-10-31 08:32:34] [INFO] Risk Pot: $15,159.32
[2025-10-31 08:37:34] [INFO] ============================================================
[2025-10-31 08:37:34] [INFO] INTRADAY MONITOR - 2025-10-31 08:37:34
[2025-10-31 08:37:34] [INFO] ============================================================
[2025-10-31 08:37:34] [INFO] 0. Checking pending orders...
[2025-10-31 08:37:34] [INFO] Found 5 open orders
[2025-10-31 08:37:34] [INFO]   AAPL: OrderSide.BUY 28 @ 274.55, status: OrderStatus.NEW
[2025-10-31 08:37:34] [INFO]   AAPL: OrderSide.BUY 29 @ 274.55, status: OrderStatus.NEW
[2025-10-31 08:37:34] [INFO]   AAPL: OrderSide.BUY 29 @ 274.55, status: OrderStatus.NEW
[2025-10-31 08:37:34] [INFO]   AAPL: OrderSide.BUY 29 @ 274.55, status: OrderStatus.NEW
[2025-10-31 08:37:34] [INFO]   GOOGL: OrderSide.BUY 21 @ 266.95, status: OrderStatus.NEW
[2025-10-31 08:37:34] [INFO] State snapshot saved: intraday_0837
[2025-10-31 08:37:34] [INFO] 1. Checking position stops...
[2025-10-31 08:37:34] [INFO] 2. Checking exit signals...
[2025-10-31 08:37:35] [INFO] 3. Checking pyramid opportunities...
[2025-10-31 08:37:35] [INFO] Pyramid order already pending for GOOGL (order dfab3f8e-a3a1-4214-b2c1-33f2ff5d3a3b)
[2025-10-31 08:37:35] [INFO] Pyramid opportunity for AMZN: $250.16 > $249.45
[2025-10-31 08:37:35] [INFO] Placing pyramid order for AMZN: units=22, stop=$249.45, limit=$250.70
[2025-10-31 08:37:36] [INFO] Order placed: ff02b9cb-6189-4723-b716-623dd3e1df48 for AMZN
[2025-10-31 08:37:39] [WARNING] Order pending for AMZN, status: OrderStatus.NEW
[2025-10-31 08:37:39] [INFO] Tracking pending pyramid order ff02b9cb-6189-4723-b716-623dd3e1df48 for AMZN
[2025-10-31 08:37:39] [INFO] 4. Processing entry queue...
[2025-10-31 08:37:39] [INFO] Placing entry order for AAPL: units=28, stop=$274.55, limit=$275.92
[2025-10-31 08:37:40] [INFO] Order placed: cda8a297-f8fd-4454-b05a-80d35361241a for AAPL
[2025-10-31 08:37:43] [WARNING] Order pending for AAPL, status: OrderStatus.NEW
[2025-10-31 08:37:43] [INFO] Status: 2 positions, 8 pending entries
[2025-10-31 08:37:43] [INFO] Risk Pot: $15,159.32
[2025-10-31 08:42:43] [INFO] ============================================================
[2025-10-31 08:42:43] [INFO] INTRADAY MONITOR - 2025-10-31 08:42:43
[2025-10-31 08:42:43] [INFO] ============================================================
[2025-10-31 08:42:43] [INFO] 0. Checking pending orders...
[2025-10-31 08:42:44] [INFO] Found 7 open orders
[2025-10-31 08:42:44] [INFO]   AAPL: OrderSide.BUY 28 @ 274.55, status: OrderStatus.NEW
[2025-10-31 08:42:44] [INFO]   AMZN: OrderSide.BUY 22 @ 249.45, status: OrderStatus.NEW
[2025-10-31 08:42:44] [INFO]   AAPL: OrderSide.BUY 28 @ 274.55, status: OrderStatus.NEW
[2025-10-31 08:42:44] [INFO]   AAPL: OrderSide.BUY 29 @ 274.55, status: OrderStatus.NEW
[2025-10-31 08:42:44] [INFO]   AAPL: OrderSide.BUY 29 @ 274.55, status: OrderStatus.NEW
[2025-10-31 08:42:44] [INFO]   AAPL: OrderSide.BUY 29 @ 274.55, status: OrderStatus.NEW
[2025-10-31 08:42:44] [INFO]   GOOGL: OrderSide.BUY 21 @ 266.95, status: OrderStatus.NEW
[2025-10-31 08:42:44] [INFO] State snapshot saved: intraday_0842
[2025-10-31 08:42:44] [INFO] 1. Checking position stops...
[2025-10-31 08:42:44] [INFO] 2. Checking exit signals...
[2025-10-31 08:42:45] [INFO] 3. Checking pyramid opportunities...
[2025-10-31 08:42:45] [INFO] Pyramid order already pending for GOOGL (order dfab3f8e-a3a1-4214-b2c1-33f2ff5d3a3b)
[2025-10-31 08:42:45] [INFO] Pyramid order already pending for AMZN (order ff02b9cb-6189-4723-b716-623dd3e1df48)
[2025-10-31 08:42:45] [INFO] 4. Processing entry queue...
[2025-10-31 08:42:45] [INFO] Placing entry order for AAPL: units=28, stop=$274.55, limit=$275.92
[2025-10-31 08:42:46] [INFO] Order placed: 989a8ca5-8cfd-4e55-9fef-83eac98863e9 for AAPL
[2025-10-31 08:42:49] [WARNING] Order pending for AAPL, status: OrderStatus.NEW
[2025-10-31 08:42:49] [INFO] Status: 2 positions, 8 pending entries
[2025-10-31 08:42:49] [INFO] Risk Pot: $15,159.32
[2025-10-31 08:47:49] [INFO] ============================================================
[2025-10-31 08:47:49] [INFO] INTRADAY MONITOR - 2025-10-31 08:47:49
[2025-10-31 08:47:49] [INFO] ============================================================
[2025-10-31 08:47:49] [INFO] 0. Checking pending orders...
[2025-10-31 08:47:50] [INFO] Found 8 open orders
[2025-10-31 08:47:50] [INFO]   AAPL: OrderSide.BUY 28 @ 274.55, status: OrderStatus.NEW
[2025-10-31 08:47:50] [INFO]   AAPL: OrderSide.BUY 28 @ 274.55, status: OrderStatus.NEW
[2025-10-31 08:47:50] [INFO]   AMZN: OrderSide.BUY 22 @ 249.45, status: OrderStatus.NEW
[2025-10-31 08:47:50] [INFO]   AAPL: OrderSide.BUY 28 @ 274.55, status: OrderStatus.NEW
[2025-10-31 08:47:50] [INFO]   AAPL: OrderSide.BUY 29 @ 274.55, status: OrderStatus.NEW
[2025-10-31 08:47:50] [INFO]   AAPL: OrderSide.BUY 29 @ 274.55, status: OrderStatus.NEW
[2025-10-31 08:47:50] [INFO]   AAPL: OrderSide.BUY 29 @ 274.55, status: OrderStatus.NEW
[2025-10-31 08:47:50] [INFO]   GOOGL: OrderSide.BUY 21 @ 266.95, status: OrderStatus.NEW
[2025-10-31 08:47:50] [INFO] State snapshot saved: intraday_0847
[2025-10-31 08:47:50] [INFO] 1. Checking position stops...
[2025-10-31 08:47:50] [INFO] 2. Checking exit signals...
[2025-10-31 08:47:51] [INFO] 3. Checking pyramid opportunities...
[2025-10-31 08:47:51] [INFO] Pyramid order already pending for GOOGL (order dfab3f8e-a3a1-4214-b2c1-33f2ff5d3a3b)
[2025-10-31 08:47:51] [INFO] Pyramid order already pending for AMZN (order ff02b9cb-6189-4723-b716-623dd3e1df48)
[2025-10-31 08:47:51] [INFO] 4. Processing entry queue...
[2025-10-31 08:47:52] [INFO] Placing entry order for AAPL: units=28, stop=$274.55, limit=$275.92
[2025-10-31 08:47:52] [INFO] Order placed: 7fb1db3a-1387-4cd6-945b-8f05bf6559ac for AAPL
[2025-10-31 08:47:55] [WARNING] Order pending for AAPL, status: OrderStatus.NEW
[2025-10-31 08:47:56] [INFO] Status: 2 positions, 8 pending entries
[2025-10-31 08:47:56] [INFO] Risk Pot: $15,159.32
[2025-10-31 08:52:56] [INFO] ============================================================
[2025-10-31 08:52:56] [INFO] INTRADAY MONITOR - 2025-10-31 08:52:56
[2025-10-31 08:52:56] [INFO] ============================================================
[2025-10-31 08:52:56] [INFO] 0. Checking pending orders...
[2025-10-31 08:52:56] [INFO] Found 9 open orders
[2025-10-31 08:52:56] [INFO]   AAPL: OrderSide.BUY 28 @ 274.55, status: OrderStatus.NEW
[2025-10-31 08:52:56] [INFO]   AAPL: OrderSide.BUY 28 @ 274.55, status: OrderStatus.NEW
[2025-10-31 08:52:56] [INFO]   AAPL: OrderSide.BUY 28 @ 274.55, status: OrderStatus.NEW
[2025-10-31 08:52:56] [INFO]   AMZN: OrderSide.BUY 22 @ 249.45, status: OrderStatus.NEW
[2025-10-31 08:52:56] [INFO]   AAPL: OrderSide.BUY 28 @ 274.55, status: OrderStatus.NEW
[2025-10-31 08:52:56] [INFO]   AAPL: OrderSide.BUY 29 @ 274.55, status: OrderStatus.NEW
[2025-10-31 08:52:56] [INFO]   AAPL: OrderSide.BUY 29 @ 274.55, status: OrderStatus.NEW
[2025-10-31 08:52:56] [INFO]   AAPL: OrderSide.BUY 29 @ 274.55, status: OrderStatus.NEW
[2025-10-31 08:52:56] [INFO]   GOOGL: OrderSide.BUY 21 @ 266.95, status: OrderStatus.NEW
[2025-10-31 08:52:56] [INFO] State snapshot saved: intraday_0852
[2025-10-31 08:52:56] [INFO] 1. Checking position stops...
[2025-10-31 08:52:57] [INFO] 2. Checking exit signals...
[2025-10-31 08:52:57] [INFO] 3. Checking pyramid opportunities...
[2025-10-31 08:52:57] [INFO] Pyramid order already pending for GOOGL (order dfab3f8e-a3a1-4214-b2c1-33f2ff5d3a3b)
[2025-10-31 08:52:58] [INFO] Pyramid order already pending for AMZN (order ff02b9cb-6189-4723-b716-623dd3e1df48)
[2025-10-31 08:52:58] [INFO] 4. Processing entry queue...
[2025-10-31 08:52:58] [INFO] Placing entry order for AAPL: units=28, stop=$274.55, limit=$275.92
[2025-10-31 08:52:58] [INFO] Order placed: 7248ceed-28f4-4b8d-9a55-0bff503365fc for AAPL
[2025-10-31 08:53:01] [WARNING] Order pending for AAPL, status: OrderStatus.NEW
[2025-10-31 08:53:02] [INFO] Status: 2 positions, 8 pending entries
[2025-10-31 08:53:02] [INFO] Risk Pot: $15,159.32
[2025-10-31 08:58:02] [INFO] ============================================================
[2025-10-31 08:58:02] [INFO] INTRADAY MONITOR - 2025-10-31 08:58:02
[2025-10-31 08:58:02] [INFO] ============================================================
[2025-10-31 08:58:02] [INFO] 0. Checking pending orders...
[2025-10-31 08:58:02] [INFO] Found 10 open orders
[2025-10-31 08:58:02] [INFO]   AAPL: OrderSide.BUY 28 @ 274.55, status: OrderStatus.NEW
[2025-10-31 08:58:02] [INFO]   AAPL: OrderSide.BUY 28 @ 274.55, status: OrderStatus.NEW
[2025-10-31 08:58:02] [INFO]   AAPL: OrderSide.BUY 28 @ 274.55, status: OrderStatus.NEW
[2025-10-31 08:58:02] [INFO]   AAPL: OrderSide.BUY 28 @ 274.55, status: OrderStatus.NEW
[2025-10-31 08:58:02] [INFO]   AMZN: OrderSide.BUY 22 @ 249.45, status: OrderStatus.NEW
[2025-10-31 08:58:02] [INFO]   AAPL: OrderSide.BUY 28 @ 274.55, status: OrderStatus.NEW
[2025-10-31 08:58:02] [INFO]   AAPL: OrderSide.BUY 29 @ 274.55, status: OrderStatus.NEW
[2025-10-31 08:58:02] [INFO]   AAPL: OrderSide.BUY 29 @ 274.55, status: OrderStatus.NEW
[2025-10-31 08:58:02] [INFO]   AAPL: OrderSide.BUY 29 @ 274.55, status: OrderStatus.NEW
[2025-10-31 08:58:02] [INFO]   GOOGL: OrderSide.BUY 21 @ 266.95, status: OrderStatus.NEW
[2025-10-31 08:58:03] [INFO] State snapshot saved: intraday_0858
[2025-10-31 08:58:03] [INFO] 1. Checking position stops...
[2025-10-31 08:58:03] [INFO] 2. Checking exit signals...
[2025-10-31 08:58:04] [INFO] 3. Checking pyramid opportunities...
[2025-10-31 08:58:04] [INFO] Pyramid order already pending for GOOGL (order dfab3f8e-a3a1-4214-b2c1-33f2ff5d3a3b)
[2025-10-31 08:58:04] [INFO] Pyramid order already pending for AMZN (order ff02b9cb-6189-4723-b716-623dd3e1df48)
[2025-10-31 08:58:04] [INFO] 4. Processing entry queue...
[2025-10-31 08:58:04] [INFO] Placing entry order for AAPL: units=28, stop=$274.55, limit=$275.92
[2025-10-31 08:58:05] [INFO] Order placed: 730a3301-43cc-4f8f-b805-933655bfc0af for AAPL
[2025-10-31 08:58:08] [WARNING] Order pending for AAPL, status: OrderStatus.NEW
[2025-10-31 08:58:08] [INFO] Status: 2 positions, 8 pending entries
[2025-10-31 08:58:08] [INFO] Risk Pot: $15,159.32
[2025-10-31 09:03:08] [INFO] ============================================================
[2025-10-31 09:03:08] [INFO] INTRADAY MONITOR - 2025-10-31 09:03:08
[2025-10-31 09:03:08] [INFO] ============================================================
[2025-10-31 09:03:08] [INFO] 0. Checking pending orders...
[2025-10-31 09:03:09] [INFO] Found 11 open orders
[2025-10-31 09:03:09] [INFO]   AAPL: OrderSide.BUY 28 @ 274.55, status: OrderStatus.NEW
[2025-10-31 09:03:09] [INFO]   AAPL: OrderSide.BUY 28 @ 274.55, status: OrderStatus.NEW
[2025-10-31 09:03:09] [INFO]   AAPL: OrderSide.BUY 28 @ 274.55, status: OrderStatus.NEW
[2025-10-31 09:03:09] [INFO]   AAPL: OrderSide.BUY 28 @ 274.55, status: OrderStatus.NEW
[2025-10-31 09:03:09] [INFO]   AAPL: OrderSide.BUY 28 @ 274.55, status: OrderStatus.NEW
[2025-10-31 09:03:09] [INFO]   AMZN: OrderSide.BUY 22 @ 249.45, status: OrderStatus.NEW
[2025-10-31 09:03:09] [INFO]   AAPL: OrderSide.BUY 28 @ 274.55, status: OrderStatus.NEW
[2025-10-31 09:03:09] [INFO]   AAPL: OrderSide.BUY 29 @ 274.55, status: OrderStatus.NEW
[2025-10-31 09:03:09] [INFO]   AAPL: OrderSide.BUY 29 @ 274.55, status: OrderStatus.NEW
[2025-10-31 09:03:09] [INFO]   AAPL: OrderSide.BUY 29 @ 274.55, status: OrderStatus.NEW
[2025-10-31 09:03:09] [INFO]   GOOGL: OrderSide.BUY 21 @ 266.95, status: OrderStatus.NEW
[2025-10-31 09:03:09] [INFO] State snapshot saved: intraday_0903
[2025-10-31 09:03:09] [INFO] 1. Checking position stops...
[2025-10-31 09:03:09] [INFO] 2. Checking exit signals...
[2025-10-31 09:03:10] [INFO] 3. Checking pyramid opportunities...
[2025-10-31 09:03:10] [INFO] Pyramid order already pending for GOOGL (order dfab3f8e-a3a1-4214-b2c1-33f2ff5d3a3b)
[2025-10-31 09:03:10] [INFO] Pyramid order already pending for AMZN (order ff02b9cb-6189-4723-b716-623dd3e1df48)
[2025-10-31 09:03:10] [INFO] 4. Processing entry queue...
[2025-10-31 09:03:10] [INFO] Placing entry order for AAPL: units=28, stop=$274.55, limit=$275.92
[2025-10-31 09:03:11] [INFO] Order placed: dd60fce9-e271-447d-9b9e-b2fce7bdfdd6 for AAPL
[2025-10-31 09:03:14] [WARNING] Order pending for AAPL, status: OrderStatus.NEW
[2025-10-31 09:03:14] [INFO] Status: 2 positions, 8 pending entries
[2025-10-31 09:03:14] [INFO] Risk Pot: $15,159.32
[2025-10-31 09:08:14] [INFO] ============================================================
[2025-10-31 09:08:14] [INFO] INTRADAY MONITOR - 2025-10-31 09:08:14
[2025-10-31 09:08:14] [INFO] ============================================================
[2025-10-31 09:08:14] [INFO] 0. Checking pending orders...
[2025-10-31 09:08:15] [INFO] Found 12 open orders
[2025-10-31 09:08:15] [INFO]   AAPL: OrderSide.BUY 28 @ 274.55, status: OrderStatus.NEW
[2025-10-31 09:08:15] [INFO]   AAPL: OrderSide.BUY 28 @ 274.55, status: OrderStatus.NEW
[2025-10-31 09:08:15] [INFO]   AAPL: OrderSide.BUY 28 @ 274.55, status: OrderStatus.NEW
[2025-10-31 09:08:15] [INFO]   AAPL: OrderSide.BUY 28 @ 274.55, status: OrderStatus.NEW
[2025-10-31 09:08:15] [INFO]   AAPL: OrderSide.BUY 28 @ 274.55, status: OrderStatus.NEW
[2025-10-31 09:08:15] [INFO]   AAPL: OrderSide.BUY 28 @ 274.55, status: OrderStatus.NEW
[2025-10-31 09:08:15] [INFO]   AMZN: OrderSide.BUY 22 @ 249.45, status: OrderStatus.NEW
[2025-10-31 09:08:15] [INFO]   AAPL: OrderSide.BUY 28 @ 274.55, status: OrderStatus.NEW
[2025-10-31 09:08:15] [INFO]   AAPL: OrderSide.BUY 29 @ 274.55, status: OrderStatus.NEW
[2025-10-31 09:08:15] [INFO]   AAPL: OrderSide.BUY 29 @ 274.55, status: OrderStatus.NEW
[2025-10-31 09:08:15] [INFO]   AAPL: OrderSide.BUY 29 @ 274.55, status: OrderStatus.NEW
[2025-10-31 09:08:15] [INFO]   GOOGL: OrderSide.BUY 21 @ 266.95, status: OrderStatus.NEW
[2025-10-31 09:08:15] [INFO] State snapshot saved: intraday_0908
[2025-10-31 09:08:15] [INFO] 1. Checking position stops...
[2025-10-31 09:08:15] [INFO] 2. Checking exit signals...
[2025-10-31 09:08:16] [INFO] 3. Checking pyramid opportunities...
[2025-10-31 09:08:16] [INFO] Pyramid order already pending for GOOGL (order dfab3f8e-a3a1-4214-b2c1-33f2ff5d3a3b)
[2025-10-31 09:08:16] [INFO] Pyramid order already pending for AMZN (order ff02b9cb-6189-4723-b716-623dd3e1df48)
[2025-10-31 09:08:16] [INFO] 4. Processing entry queue...
[2025-10-31 09:08:16] [INFO] Placing entry order for AAPL: units=28, stop=$274.55, limit=$275.92
[2025-10-31 09:08:17] [INFO] Order placed: c5d2d5e6-225d-41a7-8696-7ce19b53d711 for AAPL
[2025-10-31 09:08:20] [WARNING] Order pending for AAPL, status: OrderStatus.NEW
[2025-10-31 09:08:20] [INFO] Status: 2 positions, 8 pending entries
[2025-10-31 09:08:20] [INFO] Risk Pot: $15,159.32
[2025-10-31 09:27:19] [INFO] ============================================================
[2025-10-31 09:27:19] [INFO] INTRADAY MONITOR - 2025-10-31 09:27:19
[2025-10-31 09:27:19] [INFO] ============================================================
[2025-10-31 09:27:19] [INFO] 0. Checking pending orders...
[2025-10-31 09:27:19] [INFO] Found 13 open orders
[2025-10-31 09:27:19] [INFO]   AAPL: OrderSide.BUY 28 @ 274.55, status: OrderStatus.NEW
[2025-10-31 09:27:19] [INFO]   AAPL: OrderSide.BUY 28 @ 274.55, status: OrderStatus.NEW
[2025-10-31 09:27:19] [INFO]   AAPL: OrderSide.BUY 28 @ 274.55, status: OrderStatus.NEW
[2025-10-31 09:27:19] [INFO]   AAPL: OrderSide.BUY 28 @ 274.55, status: OrderStatus.NEW
[2025-10-31 09:27:19] [INFO]   AAPL: OrderSide.BUY 28 @ 274.55, status: OrderStatus.NEW
[2025-10-31 09:27:19] [INFO]   AAPL: OrderSide.BUY 28 @ 274.55, status: OrderStatus.NEW
[2025-10-31 09:27:19] [INFO]   AAPL: OrderSide.BUY 28 @ 274.55, status: OrderStatus.NEW
[2025-10-31 09:27:19] [INFO]   AMZN: OrderSide.BUY 22 @ 249.45, status: OrderStatus.NEW
[2025-10-31 09:27:19] [INFO]   AAPL: OrderSide.BUY 28 @ 274.55, status: OrderStatus.NEW
[2025-10-31 09:27:19] [INFO]   AAPL: OrderSide.BUY 29 @ 274.55, status: OrderStatus.NEW
[2025-10-31 09:27:19] [INFO]   AAPL: OrderSide.BUY 29 @ 274.55, status: OrderStatus.NEW
[2025-10-31 09:27:19] [INFO]   AAPL: OrderSide.BUY 29 @ 274.55, status: OrderStatus.NEW
[2025-10-31 09:27:19] [INFO]   GOOGL: OrderSide.BUY 21 @ 266.95, status: OrderStatus.NEW
[2025-10-31 09:27:19] [INFO] State snapshot saved: intraday_0927
[2025-10-31 09:27:19] [INFO] 1. Checking position stops...
[2025-10-31 09:27:20] [INFO] 2. Checking exit signals...
[2025-10-31 09:27:20] [INFO] 3. Checking pyramid opportunities...
[2025-10-31 09:27:20] [INFO] Pyramid order already pending for GOOGL (order dfab3f8e-a3a1-4214-b2c1-33f2ff5d3a3b)
[2025-10-31 09:27:20] [INFO] Pyramid order already pending for AMZN (order ff02b9cb-6189-4723-b716-623dd3e1df48)
[2025-10-31 09:27:20] [INFO] 4. Processing entry queue...
[2025-10-31 09:27:21] [INFO] Placing entry order for AAPL: units=28, stop=$274.55, limit=$275.92
[2025-10-31 09:27:21] [INFO] Order placed: 534c6fd6-a7a9-4ad7-a89b-928c66891742 for AAPL
[2025-10-31 09:27:24] [WARNING] Order pending for AAPL, status: OrderStatus.NEW
[2025-10-31 09:27:25] [INFO] Status: 2 positions, 8 pending entries
[2025-10-31 09:27:25] [INFO] Risk Pot: $15,159.32
[2025-10-31 09:43:22] [INFO] ============================================================
[2025-10-31 09:43:22] [INFO] INTRADAY MONITOR - 2025-10-31 09:43:22
[2025-10-31 09:43:22] [INFO] ============================================================
[2025-10-31 09:43:22] [INFO] 0. Checking pending orders...
[2025-10-31 09:43:22] [ERROR] Error checking pending orders: ('Connection aborted.', ConnectionResetError(54, 'Connection reset by peer'))
[2025-10-31 09:43:22] [INFO] State snapshot saved: intraday_0943
[2025-10-31 09:43:22] [INFO] 1. Checking position stops...
[2025-10-31 09:43:22] [ERROR] Error getting current price for GOOGL: ('Connection aborted.', ConnectionResetError(54, 'Connection reset by peer'))
[2025-10-31 09:43:22] [INFO] 2. Checking exit signals...
[2025-10-31 09:43:23] [INFO] 3. Checking pyramid opportunities...
[2025-10-31 09:43:23] [INFO] Pyramid order already pending for GOOGL (order dfab3f8e-a3a1-4214-b2c1-33f2ff5d3a3b)
[2025-10-31 09:43:23] [INFO] Pyramid order already pending for AMZN (order ff02b9cb-6189-4723-b716-623dd3e1df48)
[2025-10-31 09:43:23] [INFO] 4. Processing entry queue...
[2025-10-31 09:43:24] [INFO] Placing entry order for AAPL: units=28, stop=$274.55, limit=$275.92
[2025-10-31 09:43:24] [INFO] Order placed: ea55cb68-930f-455f-add2-60f4f9d599c8 for AAPL
[2025-10-31 09:43:27] [WARNING] Order pending for AAPL, status: OrderStatus.NEW
[2025-10-31 09:43:28] [INFO] Status: 2 positions, 8 pending entries
[2025-10-31 09:43:28] [INFO] Risk Pot: $15,159.32
[2025-10-31 09:59:26] [INFO] ============================================================
[2025-10-31 09:59:26] [INFO] INTRADAY MONITOR - 2025-10-31 09:59:26
[2025-10-31 09:59:26] [INFO] ============================================================
[2025-10-31 09:59:26] [INFO] 0. Checking pending orders...
[2025-10-31 09:59:26] [ERROR] Error checking pending orders: ('Connection aborted.', ConnectionResetError(54, 'Connection reset by peer'))
[2025-10-31 09:59:26] [INFO] State snapshot saved: intraday_0959
[2025-10-31 09:59:26] [INFO] 1. Checking position stops...
[2025-10-31 09:59:26] [ERROR] Error getting current price for GOOGL: ('Connection aborted.', ConnectionResetError(54, 'Connection reset by peer'))
[2025-10-31 09:59:26] [INFO] 2. Checking exit signals...
[2025-10-31 09:59:27] [INFO] 3. Checking pyramid opportunities...
[2025-10-31 09:59:27] [INFO] Pyramid order already pending for GOOGL (order dfab3f8e-a3a1-4214-b2c1-33f2ff5d3a3b)
[2025-10-31 09:59:27] [INFO] Pyramid order already pending for AMZN (order ff02b9cb-6189-4723-b716-623dd3e1df48)
[2025-10-31 09:59:27] [INFO] 4. Processing entry queue...
[2025-10-31 09:59:28] [INFO] Placing entry order for AAPL: units=28, stop=$274.55, limit=$275.92
[2025-10-31 09:59:28] [INFO] Order placed: 94dc0c52-d38e-4397-b3aa-6b38f9230664 for AAPL
[2025-10-31 09:59:31] [WARNING] Order pending for AAPL, status: OrderStatus.NEW
[2025-10-31 09:59:32] [INFO] Status: 2 positions, 8 pending entries
[2025-10-31 09:59:32] [INFO] Risk Pot: $15,159.32
[2025-10-31 10:15:30] [INFO] ============================================================
[2025-10-31 10:15:30] [INFO] INTRADAY MONITOR - 2025-10-31 10:15:30
[2025-10-31 10:15:30] [INFO] ============================================================
[2025-10-31 10:15:30] [INFO] 0. Checking pending orders...
[2025-10-31 10:15:30] [ERROR] Error checking pending orders: ('Connection aborted.', ConnectionResetError(54, 'Connection reset by peer'))
[2025-10-31 10:15:30] [INFO] State snapshot saved: intraday_1015
[2025-10-31 10:15:30] [INFO] 1. Checking position stops...
[2025-10-31 10:15:30] [ERROR] Error getting current price for GOOGL: ('Connection aborted.', ConnectionResetError(54, 'Connection reset by peer'))
[2025-10-31 10:15:31] [INFO] 2. Checking exit signals...
[2025-10-31 10:15:31] [INFO] 3. Checking pyramid opportunities...
[2025-10-31 10:15:32] [INFO] Pyramid order already pending for GOOGL (order dfab3f8e-a3a1-4214-b2c1-33f2ff5d3a3b)
[2025-10-31 10:15:32] [INFO] Pyramid order already pending for AMZN (order ff02b9cb-6189-4723-b716-623dd3e1df48)
[2025-10-31 10:15:32] [INFO] 4. Processing entry queue...
[2025-10-31 10:15:32] [INFO] Placing entry order for AAPL: units=28, stop=$274.55, limit=$275.92
[2025-10-31 10:15:33] [INFO] Order placed: 1d71ea8d-278f-43ea-9567-70def944a02f for AAPL
[2025-10-31 10:15:36] [WARNING] Order pending for AAPL, status: OrderStatus.NEW
[2025-10-31 10:15:36] [INFO] Status: 2 positions, 8 pending entries
[2025-10-31 10:15:36] [INFO] Risk Pot: $15,159.32
[2025-10-31 10:20:45] [INFO] ============================================================
[2025-10-31 10:20:45] [INFO] INTRADAY MONITOR - 2025-10-31 10:20:45
[2025-10-31 10:20:45] [INFO] ============================================================
[2025-10-31 10:20:45] [INFO] 0. Checking pending orders...
[2025-10-31 10:20:45] [ERROR] Error checking pending orders: ('Connection aborted.', ConnectionResetError(54, 'Connection reset by peer'))
[2025-10-31 10:20:45] [INFO] State snapshot saved: intraday_1020
[2025-10-31 10:20:45] [INFO] 1. Checking position stops...
[2025-10-31 10:20:45] [ERROR] Error getting current price for GOOGL: ('Connection aborted.', ConnectionResetError(54, 'Connection reset by peer'))
[2025-10-31 10:20:46] [INFO] 2. Checking exit signals...
[2025-10-31 10:20:46] [INFO] 3. Checking pyramid opportunities...
[2025-10-31 10:20:46] [INFO] Pyramid order already pending for GOOGL (order dfab3f8e-a3a1-4214-b2c1-33f2ff5d3a3b)
[2025-10-31 10:20:47] [INFO] Pyramid order already pending for AMZN (order ff02b9cb-6189-4723-b716-623dd3e1df48)
[2025-10-31 10:20:47] [INFO] 4. Processing entry queue...
[2025-10-31 10:20:47] [INFO] Placing entry order for AAPL: units=28, stop=$274.55, limit=$275.92
[2025-10-31 10:20:47] [INFO] Order placed: aba4c4ec-0812-4a9c-9cbf-ccd986d000d4 for AAPL
[2025-10-31 10:20:50] [WARNING] Order pending for AAPL, status: OrderStatus.NEW
[2025-10-31 10:20:51] [INFO] Status: 2 positions, 8 pending entries
[2025-10-31 10:20:51] [INFO] Risk Pot: $15,159.32
[2025-10-31 10:36:54] [INFO] ============================================================
[2025-10-31 10:36:54] [INFO] INTRADAY MONITOR - 2025-10-31 10:36:54
[2025-10-31 10:36:54] [INFO] ============================================================
[2025-10-31 10:36:54] [INFO] 0. Checking pending orders...
[2025-10-31 10:36:54] [ERROR] Error checking pending orders: ('Connection aborted.', ConnectionResetError(54, 'Connection reset by peer'))
[2025-10-31 10:36:54] [INFO] State snapshot saved: intraday_1036
[2025-10-31 10:36:54] [INFO] 1. Checking position stops...
[2025-10-31 10:36:54] [ERROR] Error getting current price for GOOGL: ('Connection aborted.', ConnectionResetError(54, 'Connection reset by peer'))
[2025-10-31 10:36:55] [INFO] 2. Checking exit signals...
[2025-10-31 10:36:55] [INFO] 3. Checking pyramid opportunities...
[2025-10-31 10:36:56] [INFO] Pyramid order already pending for GOOGL (order dfab3f8e-a3a1-4214-b2c1-33f2ff5d3a3b)
[2025-10-31 10:36:56] [INFO] Pyramid order already pending for AMZN (order ff02b9cb-6189-4723-b716-623dd3e1df48)
[2025-10-31 10:36:56] [INFO] 4. Processing entry queue...
[2025-10-31 10:36:56] [INFO] Placing entry order for AAPL: units=28, stop=$274.55, limit=$275.92
[2025-10-31 10:36:56] [INFO] Order placed: be0a949f-ea4f-4cdd-a22a-5622d514d32d for AAPL
[2025-10-31 10:37:00] [WARNING] Order pending for AAPL, status: OrderStatus.NEW
[2025-10-31 10:37:00] [INFO] Status: 2 positions, 8 pending entries
[2025-10-31 10:37:00] [INFO] Risk Pot: $15,159.32
[2025-10-31 10:52:58] [INFO] ============================================================
[2025-10-31 10:52:58] [INFO] INTRADAY MONITOR - 2025-10-31 10:52:58
[2025-10-31 10:52:58] [INFO] ============================================================
[2025-10-31 10:52:58] [INFO] 0. Checking pending orders...
[2025-10-31 10:52:58] [ERROR] Error checking pending orders: ('Connection aborted.', ConnectionResetError(54, 'Connection reset by peer'))
[2025-10-31 10:52:58] [INFO] State snapshot saved: intraday_1052
[2025-10-31 10:52:58] [INFO] 1. Checking position stops...
[2025-10-31 10:52:58] [ERROR] Error getting current price for GOOGL: ('Connection aborted.', ConnectionResetError(54, 'Connection reset by peer'))
[2025-10-31 10:52:59] [INFO] 2. Checking exit signals...
[2025-10-31 10:52:59] [INFO] 3. Checking pyramid opportunities...
[2025-10-31 10:53:00] [INFO] Pyramid order already pending for GOOGL (order dfab3f8e-a3a1-4214-b2c1-33f2ff5d3a3b)
[2025-10-31 10:53:00] [INFO] Pyramid order already pending for AMZN (order ff02b9cb-6189-4723-b716-623dd3e1df48)
[2025-10-31 10:53:00] [INFO] 4. Processing entry queue...
[2025-10-31 10:53:00] [INFO] Placing entry order for AAPL: units=28, stop=$274.55, limit=$275.92
[2025-10-31 10:53:01] [INFO] Order placed: 4c6ac246-3763-4436-a2e4-8aa744de95d7 for AAPL
[2025-10-31 10:53:04] [WARNING] Order pending for AAPL, status: OrderStatus.NEW
[2025-10-31 10:53:04] [INFO] Status: 2 positions, 8 pending entries
[2025-10-31 10:53:04] [INFO] Risk Pot: $15,159.32
[2025-10-31 11:09:02] [INFO] ============================================================
[2025-10-31 11:09:02] [INFO] INTRADAY MONITOR - 2025-10-31 11:09:02
[2025-10-31 11:09:02] [INFO] ============================================================
[2025-10-31 11:09:02] [INFO] 0. Checking pending orders...
[2025-10-31 11:09:02] [ERROR] Error checking pending orders: ('Connection aborted.', ConnectionResetError(54, 'Connection reset by peer'))
[2025-10-31 11:09:02] [INFO] State snapshot saved: intraday_1109
[2025-10-31 11:09:02] [INFO] 1. Checking position stops...
[2025-10-31 11:09:02] [ERROR] Error getting current price for GOOGL: ('Connection aborted.', ConnectionResetError(54, 'Connection reset by peer'))
[2025-10-31 11:09:03] [INFO] 2. Checking exit signals...
[2025-10-31 11:09:03] [INFO] 3. Checking pyramid opportunities...
[2025-10-31 11:09:03] [INFO] Pyramid order already pending for GOOGL (order dfab3f8e-a3a1-4214-b2c1-33f2ff5d3a3b)
[2025-10-31 11:09:04] [INFO] Pyramid order already pending for AMZN (order ff02b9cb-6189-4723-b716-623dd3e1df48)
[2025-10-31 11:09:04] [INFO] 4. Processing entry queue...
[2025-10-31 11:09:04] [INFO] Placing entry order for AAPL: units=28, stop=$274.55, limit=$275.92
[2025-10-31 11:09:04] [INFO] Order placed: ae27c64c-914c-4bad-8527-746956f496ad for AAPL
[2025-10-31 11:09:07] [WARNING] Order pending for AAPL, status: OrderStatus.NEW
[2025-10-31 11:09:08] [INFO] Status: 2 positions, 8 pending entries
[2025-10-31 11:09:08] [INFO] Risk Pot: $15,159.32
[2025-10-31 11:34:38] [INFO] ============================================================
[2025-10-31 11:34:38] [INFO] INTRADAY MONITOR - 2025-10-31 11:34:38
[2025-10-31 11:34:38] [INFO] ============================================================
[2025-10-31 11:34:38] [INFO] 0. Checking pending orders...
[2025-10-31 11:34:38] [ERROR] Error checking pending orders: ('Connection aborted.', ConnectionResetError(54, 'Connection reset by peer'))
[2025-10-31 11:34:38] [INFO] State snapshot saved: intraday_1134
[2025-10-31 11:34:38] [INFO] 1. Checking position stops...
[2025-10-31 11:34:38] [ERROR] Error getting current price for GOOGL: ('Connection aborted.', ConnectionResetError(54, 'Connection reset by peer'))
[2025-10-31 11:34:38] [INFO] 2. Checking exit signals...
[2025-10-31 11:34:39] [INFO] 3. Checking pyramid opportunities...
[2025-10-31 11:34:39] [INFO] Pyramid order already pending for GOOGL (order dfab3f8e-a3a1-4214-b2c1-33f2ff5d3a3b)
[2025-10-31 11:34:39] [INFO] Pyramid order already pending for AMZN (order ff02b9cb-6189-4723-b716-623dd3e1df48)
[2025-10-31 11:34:39] [INFO] 4. Processing entry queue...
[2025-10-31 11:34:40] [INFO] Placing entry order for AAPL: units=28, stop=$274.55, limit=$275.92
[2025-10-31 11:34:40] [INFO] Order placed: d347db54-7ae8-4ec3-80db-4c191a468863 for AAPL
[2025-10-31 11:34:43] [WARNING] Order pending for AAPL, status: OrderStatus.NEW
[2025-10-31 11:34:44] [INFO] Status: 2 positions, 8 pending entries
[2025-10-31 11:34:44] [INFO] Risk Pot: $15,159.32
[2025-10-31 11:42:42] [INFO] ============================================================
[2025-10-31 11:42:42] [INFO] INTRADAY MONITOR - 2025-10-31 11:42:42
[2025-10-31 11:42:42] [INFO] ============================================================
[2025-10-31 11:42:42] [INFO] 0. Checking pending orders...
[2025-10-31 11:42:43] [ERROR] Error checking pending orders: ('Connection aborted.', ConnectionResetError(54, 'Connection reset by peer'))
[2025-10-31 11:42:43] [INFO] State snapshot saved: intraday_1142
[2025-10-31 11:42:43] [INFO] 1. Checking position stops...
[2025-10-31 11:42:43] [ERROR] Error getting current price for GOOGL: ('Connection aborted.', ConnectionResetError(54, 'Connection reset by peer'))
[2025-10-31 11:42:43] [INFO] 2. Checking exit signals...
[2025-10-31 11:42:43] [INFO] 3. Checking pyramid opportunities...
[2025-10-31 11:42:44] [INFO] Pyramid order already pending for GOOGL (order dfab3f8e-a3a1-4214-b2c1-33f2ff5d3a3b)
[2025-10-31 11:42:44] [INFO] Pyramid order already pending for AMZN (order ff02b9cb-6189-4723-b716-623dd3e1df48)
[2025-10-31 11:42:44] [INFO] 4. Processing entry queue...
[2025-10-31 11:42:44] [INFO] Placing entry order for AAPL: units=28, stop=$274.55, limit=$275.92
[2025-10-31 11:42:45] [INFO] Order placed: 9d179642-bc3e-4f30-beb9-2d0bd111ddf2 for AAPL
[2025-10-31 11:42:48] [WARNING] Order pending for AAPL, status: OrderStatus.NEW
[2025-10-31 11:42:48] [INFO] Status: 2 positions, 8 pending entries
[2025-10-31 11:42:48] [INFO] Risk Pot: $15,159.32
[2025-10-31 11:58:46] [INFO] ============================================================
[2025-10-31 11:58:46] [INFO] INTRADAY MONITOR - 2025-10-31 11:58:46
[2025-10-31 11:58:46] [INFO] ============================================================
[2025-10-31 11:58:46] [INFO] 0. Checking pending orders...
[2025-10-31 11:58:46] [ERROR] Error checking pending orders: ('Connection aborted.', ConnectionResetError(54, 'Connection reset by peer'))
[2025-10-31 11:58:46] [INFO] State snapshot saved: intraday_1158
[2025-10-31 11:58:46] [INFO] 1. Checking position stops...
[2025-10-31 11:58:46] [ERROR] Error getting current price for GOOGL: ('Connection aborted.', ConnectionResetError(54, 'Connection reset by peer'))
[2025-10-31 11:58:47] [INFO] 2. Checking exit signals...
[2025-10-31 11:58:48] [INFO] 3. Checking pyramid opportunities...
[2025-10-31 11:58:48] [INFO] Pyramid order already pending for GOOGL (order dfab3f8e-a3a1-4214-b2c1-33f2ff5d3a3b)
[2025-10-31 11:58:49] [INFO] Pyramid order already pending for AMZN (order ff02b9cb-6189-4723-b716-623dd3e1df48)
[2025-10-31 11:58:49] [INFO] 4. Processing entry queue...
[2025-10-31 11:58:49] [INFO] Placing entry order for AAPL: units=28, stop=$274.55, limit=$275.92
[2025-10-31 11:58:50] [INFO] Order placed: ff31154f-29ce-4266-beba-66285c7cfbc2 for AAPL
[2025-10-31 11:58:53] [WARNING] Order pending for AAPL, status: OrderStatus.NEW
[2025-10-31 11:58:54] [INFO] Status: 2 positions, 8 pending entries
[2025-10-31 11:58:54] [INFO] Risk Pot: $15,159.32
[2025-10-31 12:14:51] [INFO] ============================================================
[2025-10-31 12:14:51] [INFO] INTRADAY MONITOR - 2025-10-31 12:14:51
[2025-10-31 12:14:51] [INFO] ============================================================
[2025-10-31 12:14:51] [INFO] 0. Checking pending orders...
[2025-10-31 12:14:51] [ERROR] Error checking pending orders: ('Connection aborted.', ConnectionResetError(54, 'Connection reset by peer'))
[2025-10-31 12:14:51] [INFO] State snapshot saved: intraday_1214
[2025-10-31 12:14:51] [INFO] 1. Checking position stops...
[2025-10-31 12:14:52] [ERROR] Error getting current price for GOOGL: ('Connection aborted.', ConnectionResetError(54, 'Connection reset by peer'))
[2025-10-31 12:14:52] [INFO] 2. Checking exit signals...
[2025-10-31 12:14:53] [INFO] 3. Checking pyramid opportunities...
[2025-10-31 12:14:53] [INFO] Pyramid order already pending for GOOGL (order dfab3f8e-a3a1-4214-b2c1-33f2ff5d3a3b)
[2025-10-31 12:14:53] [INFO] Pyramid order already pending for AMZN (order ff02b9cb-6189-4723-b716-623dd3e1df48)
[2025-10-31 12:14:53] [INFO] 4. Processing entry queue...
[2025-10-31 12:14:54] [INFO] Placing entry order for AAPL: units=28, stop=$274.55, limit=$275.92
[2025-10-31 12:14:54] [INFO] Order placed: 9c528776-2bd1-49ad-925c-9f733f0976d2 for AAPL
[2025-10-31 12:14:57] [WARNING] Order pending for AAPL, status: OrderStatus.NEW
[2025-10-31 12:14:58] [INFO] Status: 2 positions, 8 pending entries
[2025-10-31 12:14:58] [INFO] Risk Pot: $15,159.32
[2025-10-31 12:20:37] [INFO] ============================================================
[2025-10-31 12:20:37] [INFO] INTRADAY MONITOR - 2025-10-31 12:20:37
[2025-10-31 12:20:37] [INFO] ============================================================
[2025-10-31 12:20:37] [INFO] 0. Checking pending orders...
[2025-10-31 12:20:37] [ERROR] Error checking pending orders: ('Connection aborted.', ConnectionResetError(54, 'Connection reset by peer'))
[2025-10-31 12:20:37] [INFO] State snapshot saved: intraday_1220
[2025-10-31 12:20:37] [INFO] 1. Checking position stops...
[2025-10-31 12:20:37] [ERROR] Error getting current price for GOOGL: ('Connection aborted.', ConnectionResetError(54, 'Connection reset by peer'))
[2025-10-31 12:20:37] [INFO] 2. Checking exit signals...
[2025-10-31 12:20:38] [INFO] 3. Checking pyramid opportunities...
[2025-10-31 12:20:38] [INFO] Pyramid order already pending for GOOGL (order dfab3f8e-a3a1-4214-b2c1-33f2ff5d3a3b)
[2025-10-31 12:20:38] [INFO] Pyramid order already pending for AMZN (order ff02b9cb-6189-4723-b716-623dd3e1df48)
[2025-10-31 12:20:38] [INFO] 4. Processing entry queue...
[2025-10-31 12:35:37] [ERROR] Error getting current price for TSLA: ('Connection aborted.', ConnectionResetError(54, 'Connection reset by peer'))
[2025-10-31 12:35:38] [INFO] Insufficient buying power for AAPL: need $7,960.59, have $7,528.87
[2025-10-31 12:35:38] [INFO] Status: 2 positions, 8 pending entries
[2025-10-31 12:35:38] [INFO] Risk Pot: $15,159.32
[2025-10-31 13:15:33] [INFO] ============================================================
[2025-10-31 13:15:33] [INFO] POST-MARKET ROUTINE
[2025-10-31 13:15:33] [INFO] ============================================================
[2025-10-31 13:15:33] [INFO] State snapshot saved: market_close
[2025-10-31 13:15:33] [INFO] Starting order reconciliation...
[2025-10-31 13:15:34] [ERROR] Error reconciling orders: ('Connection aborted.', ConnectionResetError(54, 'Connection reset by peer'))
[2025-10-31 13:15:34] [INFO] Daily summary sent - P&L: $0.00
[2025-10-31 20:42:31] [INFO] Turtle Trading System initialized
[2025-10-31 20:42:31] [INFO] ============================================================
[2025-10-31 20:42:31] [INFO] STARTING STATE ALIGNMENT WITH BROKER
[2025-10-31 20:42:31] [INFO] ============================================================
[2025-10-31 20:42:31] [WARNING] DRY RUN MODE - No changes will be applied
[2025-10-31 20:42:31] [INFO] 
Broker position: AMZN
[2025-10-31 20:42:31] [INFO]   Quantity: 92.0
[2025-10-31 20:42:31] [INFO]   Avg Entry: $248.29
[2025-10-31 20:42:31] [INFO]   Cost Basis: $22842.97
[2025-10-31 20:42:31] [INFO]   Grouped 2 orders from 2025-10-27 into single pyramid unit (avg price: $227.62)
[2025-10-31 20:42:31] [INFO]   Grouped 3 orders from 2025-10-29 into single pyramid unit (avg price: $229.23)
[2025-10-31 20:42:31] [INFO]   Grouped 4 orders from 2025-10-31 into single pyramid unit (avg price: $248.29)
[2025-10-31 20:42:31] [INFO]   Reconstructed 3 pyramid units from 9 orders
[2025-10-31 20:42:31] [INFO]   Stop Price: $235.05
[2025-10-31 20:42:31] [INFO] 
============================================================
[2025-10-31 20:42:31] [INFO] COMPARISON
[2025-10-31 20:42:31] [INFO] ============================================================
[2025-10-31 20:42:31] [WARNING] ❌ Extra in state (not in broker): GOOGL
[2025-10-31 20:42:31] [WARNING] ❌ Unit mismatch for AMZN: state=1, broker=3
[2025-10-31 20:42:31] [INFO] 
Current Risk Pot: $15159.32
[2025-10-31 20:42:31] [INFO] Calculated Risk Pot: $3471.45
[2025-10-31 20:42:31] [WARNING] ❌ Risk pot mismatch: $15159.32 vs $3471.45
[2025-10-31 20:42:31] [INFO] 
============================================================
[2025-10-31 20:42:31] [INFO] SUMMARY
[2025-10-31 20:42:31] [INFO] ============================================================
[2025-10-31 20:42:31] [INFO] Found 3 changes needed:
[2025-10-31 20:42:31] [INFO]   - REMOVE GOOGL
[2025-10-31 20:42:31] [INFO]   ↻ UPDATE AMZN: 493.0 units, 3 pyramid levels
[2025-10-31 20:42:31] [INFO]   ↻ UPDATE Risk Pot: $3471.45
[2025-10-31 20:42:31] [WARNING] 
DRY RUN - No changes applied. Run with dry_run=False to apply changes.
[2025-10-31 23:02:27] [INFO] Turtle Trading System initialized
[2025-10-31 23:02:27] [INFO] ============================================================
[2025-10-31 23:02:27] [INFO] STARTING STATE ALIGNMENT WITH BROKER
[2025-10-31 23:02:27] [INFO] ============================================================
[2025-10-31 23:02:27] [WARNING] DRY RUN MODE - No changes will be applied
[2025-10-31 23:02:28] [INFO] 
Broker position: AMZN
[2025-10-31 23:02:28] [INFO]   Quantity: 92.0
[2025-10-31 23:02:28] [INFO]   Avg Entry: $248.29
[2025-10-31 23:02:28] [INFO]   Cost Basis: $22842.97
[2025-10-31 23:02:28] [INFO]   Grouped 2 orders from 2025-10-27 into single pyramid unit (avg price: $227.62)
[2025-10-31 23:02:28] [INFO]   Grouped 3 orders from 2025-10-29 into single pyramid unit (avg price: $229.23)
[2025-10-31 23:02:28] [INFO]   Grouped 4 orders from 2025-10-31 into single pyramid unit (avg price: $248.29)
[2025-10-31 23:02:28] [INFO]   Reconstructed 3 pyramid units from 9 orders
[2025-10-31 23:02:28] [INFO]   Stop Price: $235.05
[2025-10-31 23:02:28] [INFO] 
============================================================
[2025-10-31 23:02:28] [INFO] COMPARISON
[2025-10-31 23:02:28] [INFO] ============================================================
[2025-10-31 23:02:28] [WARNING] ❌ Extra in state (not in broker): GOOGL
[2025-10-31 23:02:28] [WARNING] ❌ Unit mismatch for AMZN: state=1, broker=3
[2025-10-31 23:02:28] [INFO] 
Current Risk Pot: $15159.32
[2025-10-31 23:02:28] [INFO] Calculated Risk Pot: $3471.45
[2025-10-31 23:02:28] [WARNING] ❌ Risk pot mismatch: $15159.32 vs $3471.45
[2025-10-31 23:02:28] [INFO] 
============================================================
[2025-10-31 23:02:28] [INFO] SUMMARY
[2025-10-31 23:02:28] [INFO] ============================================================
[2025-10-31 23:02:28] [INFO] Found 3 changes needed:
[2025-10-31 23:02:28] [INFO]   - REMOVE GOOGL
[2025-10-31 23:02:28] [INFO]   ↻ UPDATE AMZN: 493.0 units, 3 pyramid levels
[2025-10-31 23:02:28] [INFO]   ↻ UPDATE Risk Pot: $3471.45
[2025-10-31 23:02:28] [WARNING] 
DRY RUN - No changes applied. Run with dry_run=False to apply changes.
[2025-10-31 23:13:50] [INFO] Turtle Trading System initialized
[2025-10-31 23:13:50] [INFO] ============================================================
[2025-10-31 23:13:50] [INFO] STARTING STATE ALIGNMENT WITH BROKER
[2025-10-31 23:13:50] [INFO] ============================================================
[2025-10-31 23:13:50] [WARNING] DRY RUN MODE - No changes will be applied
[2025-10-31 23:13:51] [INFO] 
Account Status:
[2025-10-31 23:13:51] [INFO]   Total Equity: $109,717.06
[2025-10-31 23:13:51] [INFO]   Cash: $87,248.82
[2025-10-31 23:13:51] [INFO] 
Broker position: AMZN
[2025-10-31 23:13:51] [INFO]   Quantity: 92.0
[2025-10-31 23:13:51] [INFO]   Avg Entry: $248.29
[2025-10-31 23:13:51] [INFO]   Cost Basis: $22842.97
[2025-10-31 23:13:51] [INFO]   Market Value: $22468.24
[2025-10-31 23:13:51] [INFO]   Grouped 2 orders from 2025-10-27 into single pyramid unit (avg price: $227.62)
[2025-10-31 23:13:51] [INFO]   Grouped 3 orders from 2025-10-29 into single pyramid unit (avg price: $229.23)
[2025-10-31 23:13:51] [INFO]   Grouped 4 orders from 2025-10-31 into single pyramid unit (avg price: $248.29)
[2025-10-31 23:13:51] [INFO]   Reconstructed 3 pyramid units from 9 orders
[2025-10-31 23:13:51] [INFO]   Stop Price: $235.05
[2025-10-31 23:13:51] [INFO] 
============================================================
[2025-10-31 23:13:51] [INFO] RISK POT CALCULATION
[2025-10-31 23:13:51] [INFO] ============================================================
[2025-10-31 23:13:51] [INFO]   AMZN: $4,952.69 allocated
[2025-10-31 23:13:51] [INFO]   AMZN: $357.55 allocated
[2025-10-31 23:13:51] [INFO]   AMZN: $1,218.31 allocated
[2025-10-31 23:13:51] [INFO] 
  Total Equity: $109,717.06
[2025-10-31 23:13:51] [INFO]   Cash: $87,248.82
[2025-10-31 23:13:51] [INFO]   Open Positions Value: $22,468.24
[2025-10-31 23:13:51] [INFO]   Open Positions Cost: $22,842.97
[2025-10-31 23:13:51] [INFO]   Unrealized P&L: $-374.73
[2025-10-31 23:13:51] [INFO]   Total Allocated Risk: $6,528.55
[2025-10-31 23:13:51] [INFO]   ─────────────────────────
[2025-10-31 23:13:51] [INFO]   Calculated Risk Pot: $80,345.54
[2025-10-31 23:13:51] [INFO]   Current State Risk Pot: $15,159.32
[2025-10-31 23:13:51] [INFO]   Difference: $65,186.23
[2025-10-31 23:13:51] [INFO] 
============================================================
[2025-10-31 23:13:51] [INFO] COMPARISON
[2025-10-31 23:13:51] [INFO] ============================================================
[2025-10-31 23:13:51] [WARNING] ❌ Extra in state (not in broker): GOOGL
[2025-10-31 23:13:51] [WARNING] ❌ Unit mismatch for AMZN: state=1, broker=3
[2025-10-31 23:13:51] [WARNING] ❌ Risk pot mismatch: $15159.32 vs $80345.54
[2025-10-31 23:13:51] [INFO] 
============================================================
[2025-10-31 23:13:51] [INFO] SUMMARY
[2025-10-31 23:13:51] [INFO] ============================================================
[2025-10-31 23:13:51] [INFO] Found 3 changes needed:
[2025-10-31 23:13:51] [INFO]   - REMOVE GOOGL
[2025-10-31 23:13:51] [INFO]   ↻ UPDATE AMZN: 493.0 units, 3 pyramid levels
[2025-10-31 23:13:51] [INFO]   ↻ UPDATE Risk Pot: $80345.54
[2025-10-31 23:13:51] [WARNING] 
DRY RUN - No changes applied. Run with dry_run=False to apply changes.
[2025-10-31 23:15:00] [INFO] Turtle Trading System initialized
[2025-10-31 23:15:00] [INFO] ============================================================
[2025-10-31 23:15:00] [INFO] STARTING STATE ALIGNMENT WITH BROKER
[2025-10-31 23:15:00] [INFO] ============================================================
[2025-10-31 23:15:00] [WARNING] DRY RUN MODE - No changes will be applied
[2025-10-31 23:15:00] [INFO] 
Account Status:
[2025-10-31 23:15:00] [INFO]   Total Equity: $109,717.06
[2025-10-31 23:15:00] [INFO]   Cash: $87,248.82
[2025-10-31 23:15:00] [INFO] 
Broker position: AMZN
[2025-10-31 23:15:00] [INFO]   Quantity: 92.0
[2025-10-31 23:15:00] [INFO]   Avg Entry: $248.29
[2025-10-31 23:15:00] [INFO]   Cost Basis: $22842.97
[2025-10-31 23:15:00] [INFO]   Market Value: $22468.24
[2025-10-31 23:15:01] [INFO]   Grouped 2 orders from 2025-10-27 into single pyramid unit (avg price: $227.62)
[2025-10-31 23:15:01] [INFO]   Grouped 3 orders from 2025-10-29 into single pyramid unit (avg price: $229.23)
[2025-10-31 23:15:01] [INFO]   Grouped 4 orders from 2025-10-31 into single pyramid unit (avg price: $248.29)
[2025-10-31 23:15:01] [INFO]   Reconstructed 3 pyramid units from 9 orders
[2025-10-31 23:15:01] [INFO]   Stop Price: $235.05
[2025-10-31 23:15:01] [INFO] 
============================================================
[2025-10-31 23:15:01] [INFO] RISK POT CALCULATION
[2025-10-31 23:15:01] [INFO] ============================================================
[2025-10-31 23:15:01] [INFO]   AMZN: $4,952.69 allocated
[2025-10-31 23:15:01] [INFO]   AMZN: $357.55 allocated
[2025-10-31 23:15:01] [INFO]   AMZN: $1,218.31 allocated
[2025-10-31 23:15:01] [INFO] 
  Total Equity: $109,717.06
[2025-10-31 23:15:01] [INFO]   Cash: $87,248.82
[2025-10-31 23:15:01] [INFO]   Open Positions Value: $22,468.24
[2025-10-31 23:15:01] [INFO]   Open Positions Cost: $22,842.97
[2025-10-31 23:15:01] [INFO]   Unrealized P&L: $-374.73
[2025-10-31 23:15:01] [INFO]   Total Allocated Risk: $6,528.55
[2025-10-31 23:15:01] [INFO]   ─────────────────────────
[2025-10-31 23:15:01] [INFO]   Calculated Risk Pot: $3,096.72
[2025-10-31 23:15:01] [INFO]   Current State Risk Pot: $15,159.32
[2025-10-31 23:15:01] [INFO]   Difference: $-12,062.59
[2025-10-31 23:15:01] [INFO] 
============================================================
[2025-10-31 23:15:01] [INFO] COMPARISON
[2025-10-31 23:15:01] [INFO] ============================================================
[2025-10-31 23:15:01] [WARNING] ❌ Extra in state (not in broker): GOOGL
[2025-10-31 23:15:01] [WARNING] ❌ Unit mismatch for AMZN: state=1, broker=3
[2025-10-31 23:15:01] [WARNING] ❌ Risk pot mismatch: $15159.32 vs $3096.72
[2025-10-31 23:15:01] [INFO] 
============================================================
[2025-10-31 23:15:01] [INFO] SUMMARY
[2025-10-31 23:15:01] [INFO] ============================================================
[2025-10-31 23:15:01] [INFO] Found 3 changes needed:
[2025-10-31 23:15:01] [INFO]   - REMOVE GOOGL
[2025-10-31 23:15:01] [INFO]   ↻ UPDATE AMZN: 493.0 units, 3 pyramid levels
[2025-10-31 23:15:01] [INFO]   ↻ UPDATE Risk Pot: $3096.72
[2025-10-31 23:15:01] [WARNING] 
DRY RUN - No changes applied. Run with dry_run=False to apply changes.
[2025-10-31 23:16:17] [INFO] Turtle Trading System initialized
[2025-10-31 23:16:17] [INFO] ============================================================
[2025-10-31 23:16:17] [INFO] STARTING STATE ALIGNMENT WITH BROKER
[2025-10-31 23:16:17] [INFO] ============================================================
[2025-10-31 23:16:17] [WARNING] DRY RUN MODE - No changes will be applied
[2025-10-31 23:16:17] [INFO] 
Account Status:
[2025-10-31 23:16:17] [INFO]   Total Equity: $109,717.06
[2025-10-31 23:16:17] [INFO]   Cash: $87,248.82
[2025-10-31 23:16:17] [INFO] 
Broker position: AMZN
[2025-10-31 23:16:17] [INFO]   Quantity: 92.0
[2025-10-31 23:16:17] [INFO]   Avg Entry: $248.29
[2025-10-31 23:16:17] [INFO]   Cost Basis: $22842.97
[2025-10-31 23:16:17] [INFO]   Market Value: $22468.24
[2025-10-31 23:16:18] [INFO]   Grouped 2 orders from 2025-10-27 into single pyramid unit (avg price: $227.62)
[2025-10-31 23:16:18] [INFO]   Grouped 3 orders from 2025-10-29 into single pyramid unit (avg price: $229.23)
[2025-10-31 23:16:18] [INFO]   Grouped 4 orders from 2025-10-31 into single pyramid unit (avg price: $248.29)
[2025-10-31 23:16:18] [INFO]   Reconstructed 3 pyramid units from 9 orders
[2025-10-31 23:16:18] [INFO]   Stop Price: $235.05
[2025-10-31 23:16:18] [INFO] 
============================================================
[2025-10-31 23:16:18] [INFO] RISK POT CALCULATION
[2025-10-31 23:16:18] [INFO] ============================================================
[2025-10-31 23:16:26] [INFO]   AMZN: $4,952.69 allocated
[2025-10-31 23:16:26] [INFO]   AMZN: $357.55 allocated
[2025-10-31 23:16:26] [INFO]   AMZN: $1,218.31 allocated
[2025-10-31 23:21:19] [INFO] Turtle Trading System initialized
[2025-10-31 23:21:19] [INFO] ============================================================
[2025-10-31 23:21:19] [INFO] STARTING STATE ALIGNMENT WITH BROKER
[2025-10-31 23:21:19] [INFO] ============================================================
[2025-10-31 23:21:19] [WARNING] DRY RUN MODE - No changes will be applied
[2025-10-31 23:21:19] [INFO] 
Account Status:
[2025-10-31 23:21:19] [INFO]   Total Equity: $109,717.06
[2025-10-31 23:21:19] [INFO]   Cash: $87,248.82
[2025-10-31 23:21:20] [INFO] 
Broker position: AMZN
[2025-10-31 23:21:20] [INFO]   Quantity: 92.0
[2025-10-31 23:21:20] [INFO]   Avg Entry: $248.29
[2025-10-31 23:21:20] [INFO]   Cost Basis: $22842.97
[2025-10-31 23:21:20] [INFO]   Market Value: $22468.24
[2025-10-31 23:21:20] [INFO]   Processing 10 orders:
[2025-10-31 23:21:20] [INFO]     BUY: 187.0 @ $227.46 on 2025-10-27
[2025-10-31 23:21:20] [INFO]     BUY: 187.0 @ $227.77 on 2025-10-27
[2025-10-31 23:21:20] [INFO]     BUY: 9.0 @ $229.25 on 2025-10-29
[2025-10-31 23:21:20] [INFO]     BUY: 9.0 @ $229.23 on 2025-10-29
[2025-10-31 23:21:20] [INFO]     BUY: 9.0 @ $229.21 on 2025-10-29
[2025-10-31 23:21:20] [INFO]     SELL: 401.0 @ $246.03 on 2025-10-31
[2025-10-31 23:21:20] [INFO]       -> Reduced buy from 2025-10-27 by 187.0 units
[2025-10-31 23:21:20] [INFO]       -> Reduced buy from 2025-10-27 by 187.0 units
[2025-10-31 23:21:20] [INFO]       -> Reduced buy from 2025-10-29 by 9.0 units
[2025-10-31 23:21:20] [INFO]       -> Reduced buy from 2025-10-29 by 9.0 units
[2025-10-31 23:21:20] [INFO]       -> Reduced buy from 2025-10-29 by 9.0 units
[2025-10-31 23:21:20] [INFO]     BUY: 23.0 @ $248.15 on 2025-10-31
[2025-10-31 23:21:20] [INFO]     BUY: 23.0 @ $248.19 on 2025-10-31
[2025-10-31 23:21:20] [INFO]     BUY: 23.0 @ $248.17 on 2025-10-31
[2025-10-31 23:21:20] [INFO]     BUY: 23.0 @ $248.66 on 2025-10-31
[2025-10-31 23:21:20] [INFO]   Total bought: 493.0, Total sold: 401.0, Remaining: 92.0
[2025-10-31 23:21:20] [INFO]   Broker shows: 92.0 units
[2025-10-31 23:22:24] [INFO]   Grouped 4 remaining buys from 2025-10-31 into pyramid unit (92.0 units @ avg $248.29)
[2025-10-31 23:22:24] [INFO]   Final: 1 pyramid units from remaining buys
[2025-10-31 23:22:24] [INFO]   Stop Price: $235.05
[2025-10-31 23:22:24] [INFO] 
============================================================
[2025-10-31 23:22:24] [INFO] RISK POT CALCULATION
[2025-10-31 23:22:24] [INFO] ============================================================
[2025-10-31 23:22:24] [INFO]   AMZN: $1,218.31 allocated (1 units)
[2025-10-31 23:22:24] [INFO] 
  Total Equity: $109,717.06
[2025-10-31 23:22:24] [INFO]   Cash: $87,248.82
[2025-10-31 23:22:24] [INFO]   Open Positions Value: $22,468.24
[2025-10-31 23:22:24] [INFO]   Open Positions Cost: $22,842.97
[2025-10-31 23:22:24] [INFO]   Unrealized P&L: $-374.73
[2025-10-31 23:22:24] [INFO]   Total Allocated Risk: $1,218.31
[2025-10-31 23:22:24] [INFO]   ─────────────────────────
[2025-10-31 23:22:24] [INFO]   Calculated Risk Pot: $85,655.78
[2025-10-31 23:22:24] [INFO]   Current State Risk Pot: $15,159.32
[2025-10-31 23:22:24] [INFO]   Difference: $70,496.46
[2025-10-31 23:22:24] [INFO] 
============================================================
[2025-10-31 23:22:24] [INFO] COMPARISON
[2025-10-31 23:22:24] [INFO] ============================================================
[2025-10-31 23:22:24] [WARNING] ❌ Extra in state (not in broker): GOOGL
[2025-10-31 23:22:24] [WARNING] ❌ Mismatch for AMZN: state=1 units (23 shares), broker=1 units (92 shares)
[2025-10-31 23:22:24] [WARNING] ❌ Risk pot mismatch: $15159.32 vs $85655.78
[2025-10-31 23:22:24] [INFO] 
============================================================
[2025-10-31 23:22:24] [INFO] SUMMARY
[2025-10-31 23:22:24] [INFO] ============================================================
[2025-10-31 23:22:24] [INFO] Found 3 changes needed:
[2025-10-31 23:22:24] [INFO]   - REMOVE GOOGL
[2025-10-31 23:22:24] [INFO]   ↻ UPDATE AMZN: 92 shares, 1 pyramid levels
[2025-10-31 23:22:24] [INFO]   ↻ UPDATE Risk Pot: $85655.78
[2025-10-31 23:22:24] [WARNING] 
DRY RUN - No changes applied. Run with dry_run=False to apply changes.
[2025-10-31 23:22:49] [INFO] Turtle Trading System initialized
[2025-10-31 23:22:49] [INFO] ============================================================
[2025-10-31 23:22:49] [INFO] STARTING STATE ALIGNMENT WITH BROKER
[2025-10-31 23:22:49] [INFO] ============================================================
[2025-10-31 23:22:49] [WARNING] DRY RUN MODE - No changes will be applied
[2025-10-31 23:22:50] [INFO] 
Account Status:
[2025-10-31 23:22:50] [INFO]   Total Equity: $109,717.06
[2025-10-31 23:22:50] [INFO]   Cash: $87,248.82
[2025-10-31 23:22:50] [INFO] 
Broker position: AMZN
[2025-10-31 23:22:50] [INFO]   Quantity: 92.0
[2025-10-31 23:22:50] [INFO]   Avg Entry: $248.29
[2025-10-31 23:22:50] [INFO]   Cost Basis: $22842.97
[2025-10-31 23:22:50] [INFO]   Market Value: $22468.24
[2025-10-31 23:22:51] [INFO]   Processing 10 orders:
[2025-10-31 23:22:51] [INFO]     BUY: 187.0 @ $227.46 on 2025-10-27
[2025-10-31 23:22:51] [INFO]     BUY: 187.0 @ $227.77 on 2025-10-27
[2025-10-31 23:22:51] [INFO]     BUY: 9.0 @ $229.25 on 2025-10-29
[2025-10-31 23:22:51] [INFO]     BUY: 9.0 @ $229.23 on 2025-10-29
[2025-10-31 23:22:51] [INFO]     BUY: 9.0 @ $229.21 on 2025-10-29
[2025-10-31 23:22:51] [INFO]     SELL: 401.0 @ $246.03 on 2025-10-31
[2025-10-31 23:22:51] [INFO]       -> Reduced buy from 2025-10-27 by 187.0 units
[2025-10-31 23:22:51] [INFO]       -> Reduced buy from 2025-10-27 by 187.0 units
[2025-10-31 23:22:51] [INFO]       -> Reduced buy from 2025-10-29 by 9.0 units
[2025-10-31 23:22:51] [INFO]       -> Reduced buy from 2025-10-29 by 9.0 units
[2025-10-31 23:22:51] [INFO]       -> Reduced buy from 2025-10-29 by 9.0 units
[2025-10-31 23:22:51] [INFO]     BUY: 23.0 @ $248.15 on 2025-10-31
[2025-10-31 23:22:51] [INFO]     BUY: 23.0 @ $248.19 on 2025-10-31
[2025-10-31 23:22:51] [INFO]     BUY: 23.0 @ $248.17 on 2025-10-31
[2025-10-31 23:22:51] [INFO]     BUY: 23.0 @ $248.66 on 2025-10-31
[2025-10-31 23:22:51] [INFO]   Total bought: 493.0, Total sold: 401.0, Remaining: 92.0
[2025-10-31 23:22:51] [INFO]   Broker shows: 92.0 units
[2025-10-31 23:22:57] [INFO]   Grouped 4 remaining buys from 2025-10-31 into pyramid unit (92.0 units @ avg $248.29)
[2025-10-31 23:22:57] [INFO]   Final: 1 pyramid units from remaining buys
[2025-10-31 23:22:57] [INFO]   Stop Price: $235.05
[2025-10-31 23:22:57] [INFO] 
============================================================
[2025-10-31 23:22:57] [INFO] RISK POT CALCULATION
[2025-10-31 23:22:57] [INFO] ============================================================
[2025-10-31 23:22:57] [INFO]   AMZN: $1,218.31 allocated (1 units)
[2025-10-31 23:22:57] [INFO] 
  Total Equity: $109,717.06
[2025-10-31 23:22:57] [INFO]   Cash: $87,248.82
[2025-10-31 23:22:57] [INFO]   Open Positions Value: $22,468.24
[2025-10-31 23:22:57] [INFO]   Open Positions Cost: $22,842.97
[2025-10-31 23:22:57] [INFO]   Unrealized P&L: $-374.73
[2025-10-31 23:22:57] [INFO]   Total Allocated Risk: $1,218.31
[2025-10-31 23:22:57] [INFO]   ─────────────────────────
[2025-10-31 23:22:57] [INFO]   Calculated Risk Pot: $8,406.96
[2025-10-31 23:22:57] [INFO]   Current State Risk Pot: $15,159.32
[2025-10-31 23:22:57] [INFO]   Difference: $-6,752.36
[2025-10-31 23:22:57] [INFO] 
============================================================
[2025-10-31 23:22:57] [INFO] COMPARISON
[2025-10-31 23:22:57] [INFO] ============================================================
[2025-10-31 23:22:57] [WARNING] ❌ Extra in state (not in broker): GOOGL
[2025-10-31 23:22:57] [WARNING] ❌ Mismatch for AMZN: state=1 units (23 shares), broker=1 units (92 shares)
[2025-10-31 23:22:57] [WARNING] ❌ Risk pot mismatch: $15159.32 vs $8406.96
[2025-10-31 23:22:57] [INFO] 
============================================================
[2025-10-31 23:22:57] [INFO] SUMMARY
[2025-10-31 23:22:57] [INFO] ============================================================
[2025-10-31 23:22:57] [INFO] Found 3 changes needed:
[2025-10-31 23:22:57] [INFO]   - REMOVE GOOGL
[2025-10-31 23:22:57] [INFO]   ↻ UPDATE AMZN: 92 shares, 1 pyramid levels
[2025-10-31 23:22:57] [INFO]   ↻ UPDATE Risk Pot: $8406.96
[2025-10-31 23:22:57] [WARNING] 
DRY RUN - No changes applied. Run with dry_run=False to apply changes.
[2025-10-31 23:25:21] [INFO] Turtle Trading System initialized
[2025-10-31 23:25:21] [INFO] ============================================================
[2025-10-31 23:25:21] [INFO] STARTING STATE ALIGNMENT WITH BROKER
[2025-10-31 23:25:21] [INFO] ============================================================
[2025-10-31 23:25:21] [WARNING] DRY RUN MODE - No changes will be applied
[2025-10-31 23:25:22] [INFO] 
Account Status:
[2025-10-31 23:25:22] [INFO]   Total Equity: $109,717.06
[2025-10-31 23:25:22] [INFO]   Cash: $87,248.82
[2025-10-31 23:25:22] [INFO] 
Broker position: AMZN
[2025-10-31 23:25:22] [INFO]   Quantity: 92.0
[2025-10-31 23:25:22] [INFO]   Avg Entry: $248.29
[2025-10-31 23:25:22] [INFO]   Cost Basis: $22842.97
[2025-10-31 23:25:22] [INFO]   Market Value: $22468.24
[2025-10-31 23:25:22] [INFO]   Processing 10 orders:
[2025-10-31 23:25:22] [INFO]     BUY: 187.0 @ $227.46 on 2025-10-27
[2025-10-31 23:25:22] [INFO]     BUY: 187.0 @ $227.77 on 2025-10-27
[2025-10-31 23:25:22] [INFO]     BUY: 9.0 @ $229.25 on 2025-10-29
[2025-10-31 23:25:22] [INFO]     BUY: 9.0 @ $229.23 on 2025-10-29
[2025-10-31 23:25:22] [INFO]     BUY: 9.0 @ $229.21 on 2025-10-29
[2025-10-31 23:25:22] [INFO]     SELL: 401.0 @ $246.03 on 2025-10-31
[2025-10-31 23:25:22] [INFO]       -> Reduced buy from 2025-10-27 by 187.0 units
[2025-10-31 23:25:22] [INFO]       -> Reduced buy from 2025-10-27 by 187.0 units
[2025-10-31 23:25:22] [INFO]       -> Reduced buy from 2025-10-29 by 9.0 units
[2025-10-31 23:25:22] [INFO]       -> Reduced buy from 2025-10-29 by 9.0 units
[2025-10-31 23:25:22] [INFO]       -> Reduced buy from 2025-10-29 by 9.0 units
[2025-10-31 23:25:22] [INFO]     BUY: 23.0 @ $248.15 on 2025-10-31
[2025-10-31 23:25:22] [INFO]     BUY: 23.0 @ $248.19 on 2025-10-31
[2025-10-31 23:25:22] [INFO]     BUY: 23.0 @ $248.17 on 2025-10-31
[2025-10-31 23:25:22] [INFO]     BUY: 23.0 @ $248.66 on 2025-10-31
[2025-10-31 23:25:22] [INFO]   Total bought: 493.0, Total sold: 401.0, Remaining: 92.0
[2025-10-31 23:25:22] [INFO]   Broker shows: 92.0 units
[2025-10-31 23:25:30] [INFO]   Grouped 4 remaining buys from 2025-10-31 into pyramid unit (92.0 units @ avg $248.29)
[2025-10-31 23:25:30] [INFO]   Final: 1 pyramid units from remaining buys
[2025-10-31 23:25:30] [INFO]   Stop Price: $235.05
[2025-10-31 23:25:30] [INFO] 
============================================================
[2025-10-31 23:25:30] [INFO] RISK POT CALCULATION
[2025-10-31 23:25:30] [INFO] ============================================================
[2025-10-31 23:25:30] [INFO]   AMZN: $1,218.31 allocated (1 units)
[2025-10-31 23:27:36] [INFO] Turtle Trading System initialized
[2025-10-31 23:27:38] [INFO] ============================================================
[2025-10-31 23:27:38] [INFO] STARTING STATE ALIGNMENT WITH BROKER
[2025-10-31 23:27:38] [INFO] ============================================================
[2025-10-31 23:27:39] [INFO] 
Account Status:
[2025-10-31 23:27:39] [INFO]   Total Equity: $109,717.06
[2025-10-31 23:27:39] [INFO]   Cash: $87,248.82
[2025-10-31 23:27:39] [INFO] 
Broker position: AMZN
[2025-10-31 23:27:39] [INFO]   Quantity: 92.0
[2025-10-31 23:27:39] [INFO]   Avg Entry: $248.29
[2025-10-31 23:27:39] [INFO]   Cost Basis: $22842.97
[2025-10-31 23:27:39] [INFO]   Market Value: $22468.24
[2025-10-31 23:27:39] [INFO]   Processing 10 orders:
[2025-10-31 23:27:39] [INFO]     BUY: 187.0 @ $227.46 on 2025-10-27
[2025-10-31 23:27:39] [INFO]     BUY: 187.0 @ $227.77 on 2025-10-27
[2025-10-31 23:27:39] [INFO]     BUY: 9.0 @ $229.25 on 2025-10-29
[2025-10-31 23:27:39] [INFO]     BUY: 9.0 @ $229.23 on 2025-10-29
[2025-10-31 23:27:39] [INFO]     BUY: 9.0 @ $229.21 on 2025-10-29
[2025-10-31 23:27:39] [INFO]     SELL: 401.0 @ $246.03 on 2025-10-31
[2025-10-31 23:27:39] [INFO]       -> Reduced buy from 2025-10-27 by 187.0 units
[2025-10-31 23:27:39] [INFO]       -> Reduced buy from 2025-10-27 by 187.0 units
[2025-10-31 23:27:39] [INFO]       -> Reduced buy from 2025-10-29 by 9.0 units
[2025-10-31 23:27:39] [INFO]       -> Reduced buy from 2025-10-29 by 9.0 units
[2025-10-31 23:27:39] [INFO]       -> Reduced buy from 2025-10-29 by 9.0 units
[2025-10-31 23:27:39] [INFO]     BUY: 23.0 @ $248.15 on 2025-10-31
[2025-10-31 23:27:39] [INFO]     BUY: 23.0 @ $248.19 on 2025-10-31
[2025-10-31 23:27:39] [INFO]     BUY: 23.0 @ $248.17 on 2025-10-31
[2025-10-31 23:27:39] [INFO]     BUY: 23.0 @ $248.66 on 2025-10-31
[2025-10-31 23:27:39] [INFO]   Total bought: 493.0, Total sold: 401.0, Remaining: 92.0
[2025-10-31 23:27:39] [INFO]   Broker shows: 92.0 units
[2025-10-31 23:27:39] [INFO]   Grouped 4 remaining buys from 2025-10-31 into pyramid unit (92.0 units @ avg $248.29)
[2025-10-31 23:27:39] [INFO]   Final: 1 pyramid units from remaining buys
[2025-10-31 23:27:39] [INFO]   Stop Price: $235.05
[2025-10-31 23:27:39] [INFO] 
============================================================
[2025-10-31 23:27:39] [INFO] RISK POT CALCULATION
[2025-10-31 23:27:39] [INFO] ============================================================
[2025-10-31 23:27:39] [INFO]   AMZN: $1,218.31 allocated (1 units)
[2025-10-31 23:27:39] [INFO] 
  Total Equity: $109,717.06
[2025-10-31 23:27:39] [INFO]   Cash: $87,248.82
[2025-10-31 23:27:39] [INFO]   Open Positions Value: $22,468.24
[2025-10-31 23:27:39] [INFO]   Open Positions Cost: $22,842.97
[2025-10-31 23:27:39] [INFO]   Unrealized P&L: $-374.73
[2025-10-31 23:27:39] [INFO]   Total Allocated Risk: $1,218.31
[2025-10-31 23:27:39] [INFO]   ─────────────────────────
[2025-10-31 23:27:39] [INFO]   Calculated Risk Pot: $11,218.31
[2025-10-31 23:27:39] [INFO]   Current State Risk Pot: $15,159.32
[2025-10-31 23:27:39] [INFO]   Difference: $-3,941.01
[2025-10-31 23:27:39] [INFO] 
============================================================
[2025-10-31 23:27:39] [INFO] COMPARISON
[2025-10-31 23:27:39] [INFO] ============================================================
[2025-10-31 23:27:39] [WARNING] ❌ Extra in state (not in broker): GOOGL
[2025-10-31 23:27:39] [WARNING] ❌ Mismatch for AMZN: state=1 units (23 shares), broker=1 units (92 shares)
[2025-10-31 23:27:39] [WARNING] ❌ Risk pot mismatch: $15159.32 vs $11218.31
[2025-10-31 23:27:39] [INFO] 
============================================================
[2025-10-31 23:27:39] [INFO] SUMMARY
[2025-10-31 23:27:39] [INFO] ============================================================
[2025-10-31 23:27:39] [INFO] Found 3 changes needed:
[2025-10-31 23:27:39] [INFO]   - REMOVE GOOGL
[2025-10-31 23:27:39] [INFO]   ↻ UPDATE AMZN: 92 shares, 1 pyramid levels
[2025-10-31 23:27:39] [INFO]   ↻ UPDATE Risk Pot: $11218.31
[2025-10-31 23:27:39] [WARNING] 
Applying changes...
[2025-10-31 23:27:39] [INFO] Backup saved to: trading_state_backup_20251031_232739.json
[2025-10-31 23:27:39] [INFO]   ✅ Removed GOOGL
[2025-10-31 23:27:39] [INFO]   ✅ Updated AMZN
[2025-10-31 23:27:39] [INFO]   ✅ Updated risk pot to $11218.31
[2025-10-31 23:27:39] [INFO] State snapshot saved: after_alignment
[2025-10-31 23:27:40] [INFO] 
✅ State alignment complete!
