[2025-11-02 20:08:57] [INFO] Turtle Trading System (Long/Short) initialized
[2025-11-02 20:08:57] [INFO] Short selling: enabled
[2025-11-02 20:11:48] [INFO] Turtle Trading System (Long/Short) initialized
[2025-11-02 20:11:48] [INFO] Short selling: enabled
[2025-11-02 20:11:48] [INFO] ============================================================
[2025-11-02 20:11:48] [INFO] REBUILDING STATE FROM BROKER (LONG/SHORT)
[2025-11-02 20:11:48] [INFO] ============================================================
[2025-11-02 20:11:48] [INFO] 
📊 Step 1: Fetching current broker positions...
[2025-11-02 20:11:48] [INFO] ⚠️  No open positions at broker. Nothing to rebuild.
[2025-11-02 20:12:36] [INFO] Turtle Trading System (Long/Short) initialized
[2025-11-02 20:12:36] [INFO] Short selling: enabled
[2025-11-02 20:12:36] [INFO] ============================================================
[2025-11-02 20:12:36] [INFO] REBUILDING STATE FROM BROKER (LONG/SHORT)
[2025-11-02 20:12:36] [INFO] ============================================================
[2025-11-02 20:12:36] [INFO] 
📊 Step 1: Fetching current broker positions...
[2025-11-02 20:12:37] [INFO] ⚠️  No open positions at broker. Nothing to rebuild.
[2025-11-02 20:13:06] [INFO] Turtle Trading System (Long/Short) initialized
[2025-11-02 20:13:06] [INFO] Short selling: enabled
[2025-11-02 20:13:06] [INFO] ============================================================
[2025-11-02 20:13:06] [INFO] RUNNING END-OF-DAY ANALYSIS
[2025-11-02 20:13:06] [INFO] ============================================================
[2025-11-02 20:13:06] [INFO] State snapshot saved: EOD_start
[2025-11-02 20:13:07] [INFO] State snapshot saved: EOD_complete
[2025-11-02 20:13:07] [INFO] Found 0 potential entry signals
[2025-11-02 20:31:41] [INFO] Turtle Trading System (Long/Short) initialized
[2025-11-02 20:31:41] [INFO] Short selling: enabled
[2025-11-02 20:31:41] [INFO] ============================================================
[2025-11-02 20:31:41] [INFO] RUNNING END-OF-DAY ANALYSIS
[2025-11-02 20:31:41] [INFO] ============================================================
[2025-11-02 20:31:41] [INFO] State snapshot saved: EOD_start
[2025-11-02 20:31:44] [INFO] State snapshot saved: EOD_complete
[2025-11-02 20:31:44] [INFO] Found 19 potential entry signals
[2025-11-02 21:30:53] [INFO] Turtle Trading System (Long/Short) initialized
[2025-11-02 21:30:53] [INFO] Short selling: enabled
[2025-11-02 21:31:03] [INFO] Turtle Trading System (Long/Short) initialized
[2025-11-02 21:31:03] [INFO] Short selling: enabled
[2025-11-03 05:00:58] [INFO] ============================================================
[2025-11-03 05:00:58] [INFO] RUNNING END-OF-DAY ANALYSIS
[2025-11-03 05:00:58] [INFO] ============================================================
[2025-11-03 05:00:58] [INFO] State snapshot saved: EOD_start
[2025-11-03 05:01:00] [INFO] State snapshot saved: EOD_complete
[2025-11-03 05:01:00] [INFO] Found 19 potential entry signals
[2025-11-03 06:25:01] [INFO] ============================================================
[2025-11-03 06:25:01] [INFO] MARKET OPEN SETUP
[2025-11-03 06:25:01] [INFO] ============================================================
[2025-11-03 06:25:01] [INFO] State snapshot saved: market_open
[2025-11-03 06:31:02] [INFO] ============================================================
[2025-11-03 06:31:02] [INFO] INTRADAY MONITOR - 2025-11-03 06:31:02
[2025-11-03 06:31:02] [INFO] ============================================================
[2025-11-03 06:31:02] [INFO] Checking status of pending orders...
[2025-11-03 06:31:03] [INFO] Updating entry queue...
[2025-11-03 06:31:04] [INFO] Entry queue updated with 18 signals.
[2025-11-03 06:31:05] [INFO] State snapshot saved: intraday_0631
[2025-11-03 06:31:05] [INFO] 1. Checking long position stops...
[2025-11-03 06:31:05] [INFO] 2. Checking short position stops...
[2025-11-03 06:31:06] [INFO] 3. Checking long exit signals...
[2025-11-03 06:31:06] [INFO] 4. Checking short exit signals...
[2025-11-03 06:31:07] [INFO] 5. Checking long pyramid opportunities...
[2025-11-03 06:31:07] [INFO] 6. Checking short pyramid opportunities...
[2025-11-03 06:31:08] [INFO] 7. Processing entry queue...
[2025-11-03 06:31:08] [INFO] Batch fetching prices for 18 tickers...
[2025-11-03 06:31:09] [INFO] Status: 0 long, 0 short, 18 pending entries
[2025-11-03 06:31:09] [INFO] Total Equity: $100,000.00
[2025-11-03 06:36:09] [INFO] ============================================================
[2025-11-03 06:36:09] [INFO] INTRADAY MONITOR - 2025-11-03 06:36:09
[2025-11-03 06:36:09] [INFO] ============================================================
[2025-11-03 06:36:09] [INFO] Checking status of pending orders...
[2025-11-03 06:36:09] [INFO] Updating entry queue...
[2025-11-03 06:36:11] [INFO] Entry queue updated with 18 signals.
[2025-11-03 06:36:11] [INFO] State snapshot saved: intraday_0636
[2025-11-03 06:36:11] [INFO] 1. Checking long position stops...
[2025-11-03 06:36:12] [INFO] 2. Checking short position stops...
[2025-11-03 06:36:12] [INFO] 3. Checking long exit signals...
[2025-11-03 06:36:13] [INFO] 4. Checking short exit signals...
[2025-11-03 06:36:13] [INFO] 5. Checking long pyramid opportunities...
[2025-11-03 06:36:14] [INFO] 6. Checking short pyramid opportunities...
[2025-11-03 06:36:14] [INFO] 7. Processing entry queue...
[2025-11-03 06:36:15] [INFO] Batch fetching prices for 18 tickers...
[2025-11-03 06:36:15] [INFO] Status: 0 long, 0 short, 18 pending entries
[2025-11-03 06:36:15] [INFO] Total Equity: $100,000.00
[2025-11-03 06:41:15] [INFO] ============================================================
[2025-11-03 06:41:15] [INFO] INTRADAY MONITOR - 2025-11-03 06:41:15
[2025-11-03 06:41:15] [INFO] ============================================================
[2025-11-03 06:41:15] [INFO] Checking status of pending orders...
[2025-11-03 06:41:15] [INFO] Updating entry queue...
[2025-11-03 06:41:17] [INFO] Entry queue updated with 18 signals.
[2025-11-03 06:41:18] [INFO] State snapshot saved: intraday_0641
[2025-11-03 06:41:18] [INFO] 1. Checking long position stops...
[2025-11-03 06:41:18] [INFO] 2. Checking short position stops...
[2025-11-03 06:41:19] [INFO] 3. Checking long exit signals...
[2025-11-03 06:41:20] [INFO] 4. Checking short exit signals...
[2025-11-03 06:41:20] [INFO] 5. Checking long pyramid opportunities...
[2025-11-03 06:41:21] [INFO] 6. Checking short pyramid opportunities...
[2025-11-03 06:41:21] [INFO] 7. Processing entry queue...
[2025-11-03 06:41:21] [INFO] Batch fetching prices for 18 tickers...
[2025-11-03 06:41:22] [INFO] Status: 0 long, 0 short, 18 pending entries
[2025-11-03 06:41:22] [INFO] Total Equity: $100,000.00
[2025-11-03 06:46:22] [INFO] ============================================================
[2025-11-03 06:46:22] [INFO] INTRADAY MONITOR - 2025-11-03 06:46:22
[2025-11-03 06:46:22] [INFO] ============================================================
[2025-11-03 06:46:22] [INFO] Checking status of pending orders...
[2025-11-03 06:46:22] [INFO] Updating entry queue...
[2025-11-03 06:46:24] [INFO] Entry queue updated with 18 signals.
[2025-11-03 06:46:24] [INFO] State snapshot saved: intraday_0646
[2025-11-03 06:46:24] [INFO] 1. Checking long position stops...
[2025-11-03 06:46:25] [INFO] 2. Checking short position stops...
[2025-11-03 06:46:25] [INFO] 3. Checking long exit signals...
[2025-11-03 06:46:26] [INFO] 4. Checking short exit signals...
[2025-11-03 06:46:26] [INFO] 5. Checking long pyramid opportunities...
[2025-11-03 06:46:27] [INFO] 6. Checking short pyramid opportunities...
[2025-11-03 06:46:27] [INFO] 7. Processing entry queue...
[2025-11-03 06:46:28] [INFO] Batch fetching prices for 18 tickers...
[2025-11-03 06:46:28] [INFO] Status: 0 long, 0 short, 18 pending entries
[2025-11-03 06:46:28] [INFO] Total Equity: $100,000.00
[2025-11-03 06:51:28] [INFO] ============================================================
[2025-11-03 06:51:28] [INFO] INTRADAY MONITOR - 2025-11-03 06:51:28
[2025-11-03 06:51:28] [INFO] ============================================================
[2025-11-03 06:51:28] [INFO] Checking status of pending orders...
[2025-11-03 06:51:29] [INFO] Updating entry queue...
[2025-11-03 06:51:31] [INFO] Entry queue updated with 18 signals.
[2025-11-03 06:51:31] [INFO] State snapshot saved: intraday_0651
[2025-11-03 06:51:31] [INFO] 1. Checking long position stops...
[2025-11-03 06:51:32] [INFO] 2. Checking short position stops...
[2025-11-03 06:51:32] [INFO] 3. Checking long exit signals...
[2025-11-03 06:51:33] [INFO] 4. Checking short exit signals...
[2025-11-03 06:51:33] [INFO] 5. Checking long pyramid opportunities...
[2025-11-03 06:51:34] [INFO] 6. Checking short pyramid opportunities...
[2025-11-03 06:51:34] [INFO] 7. Processing entry queue...
[2025-11-03 06:51:35] [INFO] Batch fetching prices for 18 tickers...
[2025-11-03 06:51:35] [INFO] Status: 0 long, 0 short, 18 pending entries
[2025-11-03 06:51:35] [INFO] Total Equity: $100,000.00
[2025-11-03 06:56:35] [INFO] ============================================================
[2025-11-03 06:56:35] [INFO] INTRADAY MONITOR - 2025-11-03 06:56:35
[2025-11-03 06:56:35] [INFO] ============================================================
[2025-11-03 06:56:35] [INFO] Checking status of pending orders...
[2025-11-03 06:56:35] [INFO] Updating entry queue...
[2025-11-03 06:56:37] [INFO] Entry queue updated with 17 signals.
[2025-11-03 06:56:38] [INFO] State snapshot saved: intraday_0656
[2025-11-03 06:56:38] [INFO] 1. Checking long position stops...
[2025-11-03 06:56:38] [INFO] 2. Checking short position stops...
[2025-11-03 06:56:39] [INFO] 3. Checking long exit signals...
[2025-11-03 06:56:39] [INFO] 4. Checking short exit signals...
[2025-11-03 06:56:40] [INFO] 5. Checking long pyramid opportunities...
[2025-11-03 06:56:40] [INFO] 6. Checking short pyramid opportunities...
[2025-11-03 06:56:41] [INFO] 7. Processing entry queue...
[2025-11-03 06:56:41] [INFO] Batch fetching prices for 17 tickers...
[2025-11-03 06:56:41] [INFO] Status: 0 long, 0 short, 17 pending entries
[2025-11-03 06:56:41] [INFO] Total Equity: $100,000.00
[2025-11-03 07:01:41] [INFO] ============================================================
[2025-11-03 07:01:41] [INFO] INTRADAY MONITOR - 2025-11-03 07:01:41
[2025-11-03 07:01:41] [INFO] ============================================================
[2025-11-03 07:01:41] [INFO] Checking status of pending orders...
[2025-11-03 07:01:42] [INFO] Updating entry queue...
[2025-11-03 07:01:44] [INFO] Entry queue updated with 17 signals.
[2025-11-03 07:01:44] [INFO] State snapshot saved: intraday_0701
[2025-11-03 07:01:44] [INFO] 1. Checking long position stops...
[2025-11-03 07:01:45] [INFO] 2. Checking short position stops...
[2025-11-03 07:01:45] [INFO] 3. Checking long exit signals...
[2025-11-03 07:01:46] [INFO] 4. Checking short exit signals...
[2025-11-03 07:01:46] [INFO] 5. Checking long pyramid opportunities...
[2025-11-03 07:01:47] [INFO] 6. Checking short pyramid opportunities...
[2025-11-03 07:01:47] [INFO] 7. Processing entry queue...
[2025-11-03 07:01:48] [INFO] Batch fetching prices for 17 tickers...
[2025-11-03 07:01:48] [INFO] Status: 0 long, 0 short, 17 pending entries
[2025-11-03 07:01:48] [INFO] Total Equity: $100,000.00
[2025-11-03 07:06:48] [INFO] ============================================================
[2025-11-03 07:06:48] [INFO] INTRADAY MONITOR - 2025-11-03 07:06:48
[2025-11-03 07:06:48] [INFO] ============================================================
[2025-11-03 07:06:48] [INFO] Checking status of pending orders...
[2025-11-03 07:06:48] [INFO] Updating entry queue...
[2025-11-03 07:06:50] [INFO] Entry queue updated with 17 signals.
[2025-11-03 07:06:51] [INFO] State snapshot saved: intraday_0706
[2025-11-03 07:06:51] [INFO] 1. Checking long position stops...
[2025-11-03 07:06:51] [INFO] 2. Checking short position stops...
[2025-11-03 07:06:52] [INFO] 3. Checking long exit signals...
[2025-11-03 07:06:52] [INFO] 4. Checking short exit signals...
[2025-11-03 07:06:53] [INFO] 5. Checking long pyramid opportunities...
[2025-11-03 07:06:53] [INFO] 6. Checking short pyramid opportunities...
[2025-11-03 07:06:54] [INFO] 7. Processing entry queue...
[2025-11-03 07:06:54] [INFO] Batch fetching prices for 17 tickers...
[2025-11-03 07:06:54] [INFO] Status: 0 long, 0 short, 17 pending entries
[2025-11-03 07:06:54] [INFO] Total Equity: $100,000.00
